<?xml version="1.0" encoding="UTF-8"?>
<testsuite xmlns:xsi="http://www.w3.org/2001/XMLSchema-instance" xsi:noNamespaceSchemaLocation="https://maven.apache.org/surefire/maven-surefire-plugin/xsd/surefire-test-report-3.0.xsd" version="3.0" name="com.techforb.challenge.ChallengeApplicationTests" time="25.441" tests="1" errors="0" skipped="0" failures="0">
  <properties>
[...]
</properties>
  <testcase name="contextLoads" classname="com.techforb.challenge.ChallengeApplicationTests" time="2.524">
    <system-out><![CDATA[14:14:13.548 [main] INFO org.springframework.test.context.support.AnnotationConfigContextLoaderUtils -- Could not detect default configuration classes for test class [com.techforb.challenge.ChallengeApplicationTests]: ChallengeApplicationTests does not declare any static, non-private, non-final, nested classes annotated with @Configuration.
14:14:13.875 [main] INFO org.springframework.boot.test.context.SpringBootTestContextBootstrapper -- Found @SpringBootConfiguration com.techforb.challenge.ChallengeApplication for test class com.techforb.challenge.ChallengeApplicationTests

  .   ____          _            __ _ _
 /\\ / ___'_ __ _ _(_)_ __  __ _ \ \ \ \
( ( )\___ | '_ | '_| | '_ \/ _` | \ \ \ \
 \\/  ___)| |_)| | | | | || (_| |  ) ) ) )
  '  |____| .__|_| |_|_| |_\__, | / / / /
 =========|_|==============|___/=/_/_/_/
 :: Spring Boot ::                (v3.1.2)

2023-08-05T14:14:15.090-03:00  INFO 2476 --- [           main] c.t.challenge.ChallengeApplicationTests  : Starting ChallengeApplicationTests using Java 17.0.8 with PID 2476 (started by Nahuel in C:\Users\Nahuel\Desktop\challenge-backend)
2023-08-05T14:14:15.093-03:00 DEBUG 2476 --- [           main] c.t.challenge.ChallengeApplicationTests  : Running with Spring Boot v3.1.2, Spring v6.0.11
2023-08-05T14:14:15.095-03:00  INFO 2476 --- [           main] c.t.challenge.ChallengeApplicationTests  : No active profile set, falling back to 1 default profile: "default"
2023-08-05T14:14:15.099-03:00 DEBUG 2476 --- [           main] o.s.boot.SpringApplication               : Loading source class com.techforb.challenge.ChallengeApplication
2023-08-05T14:14:15.189-03:00 DEBUG 2476 --- [           main] o.s.w.c.s.GenericWebApplicationContext   : Refreshing org.springframework.web.context.support.GenericWebApplicationContext@f31c0c6
2023-08-05T14:14:15.258-03:00 DEBUG 2476 --- [           main] o.s.b.f.s.DefaultListableBeanFactory     : Creating shared instance of singleton bean 'org.springframework.context.annotation.internalConfigurationAnnotationProcessor'
2023-08-05T14:14:15.296-03:00 DEBUG 2476 --- [           main] o.s.b.f.s.DefaultListableBeanFactory     : Creating shared instance of singleton bean 'org.springframework.boot.autoconfigure.internalCachingMetadataReaderFactory'
2023-08-05T14:14:15.389-03:00 DEBUG 2476 --- [           main] o.s.c.a.ClassPathBeanDefinitionScanner   : Identified candidate component class: file [C:\Users\Nahuel\Desktop\challenge-backend\target\classes\com\techforb\challenge\config\CorsConfig.class]
2023-08-05T14:14:15.392-03:00 DEBUG 2476 --- [           main] o.s.c.a.ClassPathBeanDefinitionScanner   : Identified candidate component class: file [C:\Users\Nahuel\Desktop\challenge-backend\target\classes\com\techforb\challenge\config\ModelMapperConfig.class]
2023-08-05T14:14:15.404-03:00 DEBUG 2476 --- [           main] o.s.c.a.ClassPathBeanDefinitionScanner   : Identified candidate component class: file [C:\Users\Nahuel\Desktop\challenge-backend\target\classes\com\techforb\challenge\config\SwaggerConfig.class]
2023-08-05T14:14:15.428-03:00 DEBUG 2476 --- [           main] o.s.c.a.ClassPathBeanDefinitionScanner   : Identified candidate component class: file [C:\Users\Nahuel\Desktop\challenge-backend\target\classes\com\techforb\challenge\controller\AdminController.class]
2023-08-05T14:14:15.432-03:00 DEBUG 2476 --- [           main] o.s.c.a.ClassPathBeanDefinitionScanner   : Identified candidate component class: file [C:\Users\Nahuel\Desktop\challenge-backend\target\classes\com\techforb\challenge\controller\BalanceController.class]
2023-08-05T14:14:15.434-03:00 DEBUG 2476 --- [           main] o.s.c.a.ClassPathBeanDefinitionScanner   : Identified candidate component class: file [C:\Users\Nahuel\Desktop\challenge-backend\target\classes\com\techforb\challenge\controller\LoanController.class]
2023-08-05T14:14:15.437-03:00 DEBUG 2476 --- [           main] o.s.c.a.ClassPathBeanDefinitionScanner   : Identified candidate component class: file [C:\Users\Nahuel\Desktop\challenge-backend\target\classes\com\techforb\challenge\controller\TransactionController.class]
2023-08-05T14:14:15.438-03:00 DEBUG 2476 --- [           main] o.s.c.a.ClassPathBeanDefinitionScanner   : Identified candidate component class: file [C:\Users\Nahuel\Desktop\challenge-backend\target\classes\com\techforb\challenge\converter\LoanConverter.class]
2023-08-05T14:14:15.440-03:00 DEBUG 2476 --- [           main] o.s.c.a.ClassPathBeanDefinitionScanner   : Identified candidate component class: file [C:\Users\Nahuel\Desktop\challenge-backend\target\classes\com\techforb\challenge\converter\PaymentConverter.class]
2023-08-05T14:14:15.441-03:00 DEBUG 2476 --- [           main] o.s.c.a.ClassPathBeanDefinitionScanner   : Identified candidate component class: file [C:\Users\Nahuel\Desktop\challenge-backend\target\classes\com\techforb\challenge\converter\TransactionConverter.class]
2023-08-05T14:14:15.443-03:00 DEBUG 2476 --- [           main] o.s.c.a.ClassPathBeanDefinitionScanner   : Identified candidate component class: file [C:\Users\Nahuel\Desktop\challenge-backend\target\classes\com\techforb\challenge\converter\TransferConverter.class]
2023-08-05T14:14:15.487-03:00 DEBUG 2476 --- [           main] o.s.c.a.ClassPathBeanDefinitionScanner   : Identified candidate component class: file [C:\Users\Nahuel\Desktop\challenge-backend\target\classes\com\techforb\challenge\exception\ExceptionHandler.class]
2023-08-05T14:14:15.492-03:00 DEBUG 2476 --- [           main] o.s.c.a.ClassPathBeanDefinitionScanner   : Ignored because not a concrete top-level class: file [C:\Users\Nahuel\Desktop\challenge-backend\target\classes\com\techforb\challenge\repository\CardRepository.class]
2023-08-05T14:14:15.493-03:00 DEBUG 2476 --- [           main] o.s.c.a.ClassPathBeanDefinitionScanner   : Ignored because not a concrete top-level class: file [C:\Users\Nahuel\Desktop\challenge-backend\target\classes\com\techforb\challenge\repository\InstallmentRepository.class]
2023-08-05T14:14:15.495-03:00 DEBUG 2476 --- [           main] o.s.c.a.ClassPathBeanDefinitionScanner   : Ignored because not a concrete top-level class: file [C:\Users\Nahuel\Desktop\challenge-backend\target\classes\com\techforb\challenge\repository\LoanRepository.class]
2023-08-05T14:14:15.497-03:00 DEBUG 2476 --- [           main] o.s.c.a.ClassPathBeanDefinitionScanner   : Ignored because not a concrete top-level class: file [C:\Users\Nahuel\Desktop\challenge-backend\target\classes\com\techforb\challenge\repository\TransactionRepository.class]
2023-08-05T14:14:15.499-03:00 DEBUG 2476 --- [           main] o.s.c.a.ClassPathBeanDefinitionScanner   : Identified candidate component class: file [C:\Users\Nahuel\Desktop\challenge-backend\target\classes\com\techforb\challenge\security\auth\AuthenticationController.class]
2023-08-05T14:14:15.510-03:00 DEBUG 2476 --- [           main] o.s.c.a.ClassPathBeanDefinitionScanner   : Identified candidate component class: file [C:\Users\Nahuel\Desktop\challenge-backend\target\classes\com\techforb\challenge\security\auth\AuthenticationService.class]
2023-08-05T14:14:15.517-03:00 DEBUG 2476 --- [           main] o.s.c.a.ClassPathBeanDefinitionScanner   : Identified candidate component class: file [C:\Users\Nahuel\Desktop\challenge-backend\target\classes\com\techforb\challenge\security\config\ApplicationConfig.class]
2023-08-05T14:14:15.518-03:00 DEBUG 2476 --- [           main] o.s.c.a.ClassPathBeanDefinitionScanner   : Identified candidate component class: file [C:\Users\Nahuel\Desktop\challenge-backend\target\classes\com\techforb\challenge\security\config\JwtAuthenticationFilter.class]
2023-08-05T14:14:15.520-03:00 DEBUG 2476 --- [           main] o.s.c.a.ClassPathBeanDefinitionScanner   : Identified candidate component class: file [C:\Users\Nahuel\Desktop\challenge-backend\target\classes\com\techforb\challenge\security\config\JwtService.class]
2023-08-05T14:14:15.530-03:00 DEBUG 2476 --- [           main] o.s.c.a.ClassPathBeanDefinitionScanner   : Identified candidate component class: file [C:\Users\Nahuel\Desktop\challenge-backend\target\classes\com\techforb\challenge\security\config\SecurityConfiguration.class]
2023-08-05T14:14:15.535-03:00 DEBUG 2476 --- [           main] o.s.c.a.ClassPathBeanDefinitionScanner   : Identified candidate component class: file [C:\Users\Nahuel\Desktop\challenge-backend\target\classes\com\techforb\challenge\service\ImpBalanceService.class]
2023-08-05T14:14:15.537-03:00 DEBUG 2476 --- [           main] o.s.c.a.ClassPathBeanDefinitionScanner   : Identified candidate component class: file [C:\Users\Nahuel\Desktop\challenge-backend\target\classes\com\techforb\challenge\service\ImpCardService.class]
2023-08-05T14:14:15.542-03:00 DEBUG 2476 --- [           main] o.s.c.a.ClassPathBeanDefinitionScanner   : Identified candidate component class: file [C:\Users\Nahuel\Desktop\challenge-backend\target\classes\com\techforb\challenge\service\ImpLoanService.class]
2023-08-05T14:14:15.544-03:00 DEBUG 2476 --- [           main] o.s.c.a.ClassPathBeanDefinitionScanner   : Identified candidate component class: file [C:\Users\Nahuel\Desktop\challenge-backend\target\classes\com\techforb\challenge\service\ImpTransactionService.class]
2023-08-05T14:14:16.718-03:00  INFO 2476 --- [           main] .s.d.r.c.RepositoryConfigurationDelegate : Bootstrapping Spring Data JPA repositories in DEFAULT mode.
2023-08-05T14:14:16.734-03:00 DEBUG 2476 --- [           main] o.s.b.f.s.DefaultListableBeanFactory     : Creating shared instance of singleton bean 'org.springframework.boot.autoconfigure.AutoConfigurationPackages'
2023-08-05T14:14:16.748-03:00 DEBUG 2476 --- [           main] o.s.b.a.AutoConfigurationPackages        : @EnableAutoConfiguration was declared on a class in the package 'com.techforb.challenge'. Automatic @Repository and @Entity scanning is enabled.
2023-08-05T14:14:16.750-03:00 DEBUG 2476 --- [           main] .s.d.r.c.RepositoryConfigurationDelegate : Scanning for JPA repositories in packages com.techforb.challenge.
2023-08-05T14:14:16.783-03:00 DEBUG 2476 --- [           main] o.s.d.r.c.RepositoryComponentProvider    : Identified candidate component class: file [C:\Users\Nahuel\Desktop\challenge-backend\target\classes\com\techforb\challenge\repository\CardRepository.class]
2023-08-05T14:14:16.783-03:00 DEBUG 2476 --- [           main] o.s.d.r.c.RepositoryComponentProvider    : Identified candidate component class: file [C:\Users\Nahuel\Desktop\challenge-backend\target\classes\com\techforb\challenge\repository\InstallmentRepository.class]
2023-08-05T14:14:16.784-03:00 DEBUG 2476 --- [           main] o.s.d.r.c.RepositoryComponentProvider    : Identified candidate component class: file [C:\Users\Nahuel\Desktop\challenge-backend\target\classes\com\techforb\challenge\repository\LoanRepository.class]
2023-08-05T14:14:16.784-03:00 DEBUG 2476 --- [           main] o.s.d.r.c.RepositoryComponentProvider    : Identified candidate component class: file [C:\Users\Nahuel\Desktop\challenge-backend\target\classes\com\techforb\challenge\repository\TransactionRepository.class]
2023-08-05T14:14:16.784-03:00 DEBUG 2476 --- [           main] o.s.d.r.c.RepositoryComponentProvider    : Identified candidate component class: file [C:\Users\Nahuel\Desktop\challenge-backend\target\classes\com\techforb\challenge\repository\UserRepository.class]
2023-08-05T14:14:16.895-03:00  INFO 2476 --- [           main] .s.d.r.c.RepositoryConfigurationDelegate : Finished Spring Data repository scanning in 141 ms. Found 5 JPA repository interfaces.
2023-08-05T14:14:17.231-03:00 DEBUG 2476 --- [           main] o.s.b.f.s.DefaultListableBeanFactory     : Creating shared instance of singleton bean 'propertySourcesPlaceholderConfigurer'
2023-08-05T14:14:17.239-03:00 DEBUG 2476 --- [           main] o.s.b.f.s.DefaultListableBeanFactory     : Creating shared instance of singleton bean 'org.springframework.boot.test.mock.mockito.MockitoPostProcessor'
2023-08-05T14:14:17.241-03:00 DEBUG 2476 --- [           main] o.s.b.f.s.DefaultListableBeanFactory     : Creating shared instance of singleton bean 'emBeanDefinitionRegistrarPostProcessor'
2023-08-05T14:14:17.242-03:00 DEBUG 2476 --- [           main] o.s.b.f.s.DefaultListableBeanFactory     : Creating shared instance of singleton bean 'org.springframework.boot.sql.init.dependency.DatabaseInitializationDependencyConfigurer$DependsOnDatabaseInitializationPostProcessor'
2023-08-05T14:14:17.336-03:00 DEBUG 2476 --- [           main] o.s.b.f.s.DefaultListableBeanFactory     : Creating shared instance of singleton bean 'org.springframework.context.event.internalEventListenerProcessor'
2023-08-05T14:14:17.339-03:00 DEBUG 2476 --- [           main] o.s.b.f.s.DefaultListableBeanFactory     : Creating shared instance of singleton bean 'conversionServicePostProcessor'
2023-08-05T14:14:17.359-03:00 DEBUG 2476 --- [           main] o.s.b.f.s.DefaultListableBeanFactory     : Creating shared instance of singleton bean 'preserveErrorControllerTargetClassPostProcessor'
2023-08-05T14:14:17.361-03:00 DEBUG 2476 --- [           main] o.s.b.f.s.DefaultListableBeanFactory     : Creating shared instance of singleton bean 'org.springframework.context.event.internalEventListenerFactory'
2023-08-05T14:14:17.361-03:00 DEBUG 2476 --- [           main] o.s.b.f.s.DefaultListableBeanFactory     : Creating shared instance of singleton bean 'org.springframework.transaction.config.internalTransactionalEventListenerFactory'
2023-08-05T14:14:17.366-03:00 DEBUG 2476 --- [           main] o.s.b.f.s.DefaultListableBeanFactory     : Creating shared instance of singleton bean 'org.springframework.boot.test.mock.mockito.MockitoPostProcessor$SpyPostProcessor'
2023-08-05T14:14:17.368-03:00 DEBUG 2476 --- [           main] o.s.b.f.s.DefaultListableBeanFactory     : Creating shared instance of singleton bean 'org.springframework.context.annotation.internalAutowiredAnnotationProcessor'
2023-08-05T14:14:17.373-03:00 DEBUG 2476 --- [           main] o.s.b.f.s.DefaultListableBeanFactory     : Creating shared instance of singleton bean 'org.springframework.context.annotation.internalCommonAnnotationProcessor'
2023-08-05T14:14:17.378-03:00 DEBUG 2476 --- [           main] o.s.b.f.s.DefaultListableBeanFactory     : Creating shared instance of singleton bean 'org.springframework.context.annotation.internalPersistenceAnnotationProcessor'
2023-08-05T14:14:17.379-03:00 DEBUG 2476 --- [           main] o.s.b.f.s.DefaultListableBeanFactory     : Creating shared instance of singleton bean 'org.springframework.boot.context.properties.ConfigurationPropertiesBindingPostProcessor'
2023-08-05T14:14:17.379-03:00 DEBUG 2476 --- [           main] o.s.b.f.s.DefaultListableBeanFactory     : Creating shared instance of singleton bean 'org.springframework.boot.context.internalConfigurationPropertiesBinder'
2023-08-05T14:14:17.382-03:00 DEBUG 2476 --- [           main] o.s.b.f.s.DefaultListableBeanFactory     : Creating shared instance of singleton bean 'jdbcConnectionDetailsHikariBeanPostProcessor'
2023-08-05T14:14:17.386-03:00 DEBUG 2476 --- [           main] o.s.b.f.s.DefaultListableBeanFactory     : Creating shared instance of singleton bean 'org.springframework.aop.config.internalAutoProxyCreator'
2023-08-05T14:14:17.419-03:00 DEBUG 2476 --- [           main] o.s.b.f.s.DefaultListableBeanFactory     : Creating shared instance of singleton bean 'persistenceExceptionTranslationPostProcessor'
2023-08-05T14:14:17.437-03:00 DEBUG 2476 --- [           main] o.s.b.f.s.DefaultListableBeanFactory     : Autowiring by type from bean name 'persistenceExceptionTranslationPostProcessor' via factory method to bean named 'environment'
2023-08-05T14:14:17.446-03:00 DEBUG 2476 --- [           main] o.s.b.f.s.DefaultListableBeanFactory     : Creating shared instance of singleton bean 'webServerFactoryCustomizerBeanPostProcessor'
2023-08-05T14:14:17.448-03:00 DEBUG 2476 --- [           main] o.s.b.f.s.DefaultListableBeanFactory     : Creating shared instance of singleton bean 'errorPageRegistrarBeanPostProcessor'
2023-08-05T14:14:17.449-03:00 DEBUG 2476 --- [           main] o.s.b.f.s.DefaultListableBeanFactory     : Creating shared instance of singleton bean 'projectingArgumentResolverBeanPostProcessor'
2023-08-05T14:14:17.451-03:00 DEBUG 2476 --- [           main] o.s.b.f.s.DefaultListableBeanFactory     : Creating shared instance of singleton bean 'org.springframework.transaction.config.internalTransactionAdvisor'
2023-08-05T14:14:17.452-03:00 DEBUG 2476 --- [           main] o.s.b.f.s.DefaultListableBeanFactory     : Creating shared instance of singleton bean 'org.springframework.transaction.annotation.ProxyTransactionManagementConfiguration'
2023-08-05T14:14:17.472-03:00 DEBUG 2476 --- [           main] o.s.b.f.s.DefaultListableBeanFactory     : Creating shared instance of singleton bean 'transactionAttributeSource'
2023-08-05T14:14:17.474-03:00 DEBUG 2476 --- [           main] o.s.b.f.s.DefaultListableBeanFactory     : Creating shared instance of singleton bean 'transactionInterceptor'
2023-08-05T14:14:17.476-03:00 DEBUG 2476 --- [           main] o.s.b.f.s.DefaultListableBeanFactory     : Autowiring by type from bean name 'transactionInterceptor' via factory method to bean named 'transactionAttributeSource'
2023-08-05T14:14:17.488-03:00 DEBUG 2476 --- [           main] o.s.b.f.s.DefaultListableBeanFactory     : Autowiring by type from bean name 'org.springframework.transaction.config.internalTransactionAdvisor' via factory method to bean named 'transactionAttributeSource'
2023-08-05T14:14:17.488-03:00 DEBUG 2476 --- [           main] o.s.b.f.s.DefaultListableBeanFactory     : Autowiring by type from bean name 'org.springframework.transaction.config.internalTransactionAdvisor' via factory method to bean named 'transactionInterceptor'
2023-08-05T14:14:17.538-03:00 DEBUG 2476 --- [           main] o.s.u.c.s.UiApplicationContextUtils      : Unable to locate ThemeSource with name 'themeSource': using default [org.springframework.ui.context.support.ResourceBundleThemeSource@671ea6ff]
2023-08-05T14:14:17.542-03:00 DEBUG 2476 --- [           main] o.s.b.f.s.DefaultListableBeanFactory     : Creating shared instance of singleton bean 'dataSourceScriptDatabaseInitializer'
2023-08-05T14:14:17.543-03:00 DEBUG 2476 --- [           main] o.s.b.f.s.DefaultListableBeanFactory     : Creating shared instance of singleton bean 'org.springframework.boot.autoconfigure.sql.init.DataSourceInitializationConfiguration'
2023-08-05T14:14:17.546-03:00 DEBUG 2476 --- [           main] o.s.b.f.s.DefaultListableBeanFactory     : Creating shared instance of singleton bean 'dataSource'
2023-08-05T14:14:17.546-03:00 DEBUG 2476 --- [           main] o.s.b.f.s.DefaultListableBeanFactory     : Creating shared instance of singleton bean 'org.springframework.boot.autoconfigure.jdbc.DataSourceConfiguration$Hikari'
2023-08-05T14:14:17.548-03:00 DEBUG 2476 --- [           main] o.s.b.f.s.DefaultListableBeanFactory     : Creating shared instance of singleton bean 'spring.datasource-org.springframework.boot.autoconfigure.jdbc.DataSourceProperties'
2023-08-05T14:14:17.551-03:00 DEBUG 2476 --- [           main] o.s.b.f.s.DefaultListableBeanFactory     : Creating shared instance of singleton bean 'org.springframework.boot.context.properties.BoundConfigurationProperties'
2023-08-05T14:14:17.598-03:00 DEBUG 2476 --- [           main] o.s.b.f.s.DefaultListableBeanFactory     : Creating shared instance of singleton bean 'jdbcConnectionDetails'
2023-08-05T14:14:17.598-03:00 DEBUG 2476 --- [           main] o.s.b.f.s.DefaultListableBeanFactory     : Creating shared instance of singleton bean 'org.springframework.boot.autoconfigure.jdbc.DataSourceAutoConfiguration$PooledDataSourceConfiguration'
2023-08-05T14:14:17.601-03:00 DEBUG 2476 --- [           main] o.s.b.f.s.DefaultListableBeanFactory     : Autowiring by type from bean name 'jdbcConnectionDetails' via factory method to bean named 'spring.datasource-org.springframework.boot.autoconfigure.jdbc.DataSourceProperties'
2023-08-05T14:14:17.605-03:00 DEBUG 2476 --- [           main] o.s.b.f.s.DefaultListableBeanFactory     : Autowiring by type from bean name 'dataSource' via factory method to bean named 'spring.datasource-org.springframework.boot.autoconfigure.jdbc.DataSourceProperties'
2023-08-05T14:14:17.605-03:00 DEBUG 2476 --- [           main] o.s.b.f.s.DefaultListableBeanFactory     : Autowiring by type from bean name 'dataSource' via factory method to bean named 'jdbcConnectionDetails'
2023-08-05T14:14:17.613-03:00 DEBUG 2476 --- [           main] com.zaxxer.hikari.HikariConfig           : Driver class com.mysql.cj.jdbc.Driver found in Thread context class loader jdk.internal.loader.ClassLoaders$AppClassLoader@73d16e93
2023-08-05T14:14:17.669-03:00 DEBUG 2476 --- [           main] o.s.b.f.s.DefaultListableBeanFactory     : Creating shared instance of singleton bean 'spring.sql.init-org.springframework.boot.autoconfigure.sql.init.SqlInitializationProperties'
2023-08-05T14:14:17.675-03:00 DEBUG 2476 --- [           main] o.s.b.f.s.DefaultListableBeanFactory     : Autowiring by type from bean name 'dataSourceScriptDatabaseInitializer' via factory method to bean named 'dataSource'
2023-08-05T14:14:17.676-03:00 DEBUG 2476 --- [           main] o.s.b.f.s.DefaultListableBeanFactory     : Autowiring by type from bean name 'dataSourceScriptDatabaseInitializer' via factory method to bean named 'spring.sql.init-org.springframework.boot.autoconfigure.sql.init.SqlInitializationProperties'
2023-08-05T14:14:17.688-03:00 DEBUG 2476 --- [           main] o.s.b.f.s.DefaultListableBeanFactory     : Creating shared instance of singleton bean 'entityManagerFactory'
2023-08-05T14:14:17.689-03:00 DEBUG 2476 --- [           main] o.s.b.f.s.DefaultListableBeanFactory     : Creating shared instance of singleton bean 'org.springframework.boot.autoconfigure.orm.jpa.HibernateJpaConfiguration'
2023-08-05T14:14:17.691-03:00 DEBUG 2476 --- [           main] o.s.b.f.s.DefaultListableBeanFactory     : Creating shared instance of singleton bean 'spring.jpa-org.springframework.boot.autoconfigure.orm.jpa.JpaProperties'
2023-08-05T14:14:17.699-03:00 DEBUG 2476 --- [           main] o.s.b.f.s.DefaultListableBeanFactory     : Creating shared instance of singleton bean 'spring.jpa.hibernate-org.springframework.boot.autoconfigure.orm.jpa.HibernateProperties'
2023-08-05T14:14:17.703-03:00 DEBUG 2476 --- [           main] o.s.b.f.s.DefaultListableBeanFactory     : Autowiring by type from bean name 'org.springframework.boot.autoconfigure.orm.jpa.HibernateJpaConfiguration' via constructor to bean named 'dataSource'
2023-08-05T14:14:17.703-03:00 DEBUG 2476 --- [           main] o.s.b.f.s.DefaultListableBeanFactory     : Autowiring by type from bean name 'org.springframework.boot.autoconfigure.orm.jpa.HibernateJpaConfiguration' via constructor to bean named 'spring.jpa-org.springframework.boot.autoconfigure.orm.jpa.JpaProperties'
2023-08-05T14:14:17.704-03:00 DEBUG 2476 --- [           main] o.s.b.f.s.DefaultListableBeanFactory     : Autowiring by type from bean name 'org.springframework.boot.autoconfigure.orm.jpa.HibernateJpaConfiguration' via constructor to bean named 'org.springframework.beans.factory.support.DefaultListableBeanFactory@46b695ec'
2023-08-05T14:14:17.704-03:00 DEBUG 2476 --- [           main] o.s.b.f.s.DefaultListableBeanFactory     : Autowiring by type from bean name 'org.springframework.boot.autoconfigure.orm.jpa.HibernateJpaConfiguration' via constructor to bean named 'spring.jpa.hibernate-org.springframework.boot.autoconfigure.orm.jpa.HibernateProperties'
2023-08-05T14:14:17.708-03:00 DEBUG 2476 --- [           main] o.s.b.f.s.DefaultListableBeanFactory     : Creating shared instance of singleton bean 'hikariPoolDataSourceMetadataProvider'
2023-08-05T14:14:17.709-03:00 DEBUG 2476 --- [           main] o.s.b.f.s.DefaultListableBeanFactory     : Creating shared instance of singleton bean 'org.springframework.boot.autoconfigure.jdbc.metadata.DataSourcePoolMetadataProvidersConfiguration$HikariPoolDataSourceMetadataProviderConfiguration'
2023-08-05T14:14:17.723-03:00 DEBUG 2476 --- [           main] o.s.b.f.s.DefaultListableBeanFactory     : Creating shared instance of singleton bean 'entityManagerFactoryBuilder'
2023-08-05T14:14:17.726-03:00 DEBUG 2476 --- [           main] o.s.b.f.s.DefaultListableBeanFactory     : Creating shared instance of singleton bean 'jpaVendorAdapter'
2023-08-05T14:14:17.777-03:00 DEBUG 2476 --- [           main] org.jboss.logging                        : Logging Provider: org.jboss.logging.Slf4jLoggerProvider found via system property
2023-08-05T14:14:17.786-03:00 DEBUG 2476 --- [           main] o.s.b.f.s.DefaultListableBeanFactory     : Autowiring by type from bean name 'entityManagerFactoryBuilder' via factory method to bean named 'jpaVendorAdapter'
2023-08-05T14:14:17.793-03:00 DEBUG 2476 --- [           main] o.s.b.f.s.DefaultListableBeanFactory     : Creating shared instance of singleton bean 'persistenceManagedTypes'
2023-08-05T14:14:17.794-03:00 DEBUG 2476 --- [           main] o.s.b.f.s.DefaultListableBeanFactory     : Autowiring by type from bean name 'persistenceManagedTypes' via factory method to bean named 'org.springframework.beans.factory.support.DefaultListableBeanFactory@46b695ec'
2023-08-05T14:14:17.795-03:00 DEBUG 2476 --- [           main] o.s.b.f.s.DefaultListableBeanFactory     : Autowiring by type from bean name 'persistenceManagedTypes' via factory method to bean named 'org.springframework.web.context.support.GenericWebApplicationContext@f31c0c6'
2023-08-05T14:14:17.814-03:00 DEBUG 2476 --- [           main] o.s.b.f.s.DefaultListableBeanFactory     : Autowiring by type from bean name 'entityManagerFactory' via factory method to bean named 'entityManagerFactoryBuilder'
2023-08-05T14:14:17.814-03:00 DEBUG 2476 --- [           main] o.s.b.f.s.DefaultListableBeanFactory     : Autowiring by type from bean name 'entityManagerFactory' via factory method to bean named 'persistenceManagedTypes'
2023-08-05T14:14:17.848-03:00 DEBUG 2476 --- [           main] j.LocalContainerEntityManagerFactoryBean : Building JPA container EntityManagerFactory for persistence unit 'default'
2023-08-05T14:14:17.887-03:00 DEBUG 2476 --- [           main] o.hibernate.jpa.internal.util.LogHelper  : PersistenceUnitInfo [
	name: default
	persistence provider classname: null
	classloader: jdk.internal.loader.ClassLoaders$AppClassLoader@73d16e93
	excludeUnlistedClasses: true
	JTA datasource: null
	Non JTA datasource: HikariDataSource (null)
	Transaction type: RESOURCE_LOCAL
	PU root URL: file:/C:/Users/Nahuel/Desktop/challenge-backend/target/test-classes/
	Shared Cache Mode: UNSPECIFIED
	Validation Mode: AUTO
	Jar files URLs []
	Managed classes names [
		com.techforb.challenge.entity.Card
		com.techforb.challenge.entity.Installment
		com.techforb.challenge.entity.Loan
		com.techforb.challenge.entity.Payment
		com.techforb.challenge.entity.Transaction
		com.techforb.challenge.entity.Transfer
		com.techforb.challenge.entity.User]
	Mapping files names []
	Properties []
2023-08-05T14:14:17.911-03:00 DEBUG 2476 --- [           main] o.h.i.internal.IntegratorServiceImpl     : Adding Integrator [org.hibernate.boot.beanvalidation.BeanValidationIntegrator].
2023-08-05T14:14:17.913-03:00 DEBUG 2476 --- [           main] o.h.i.internal.IntegratorServiceImpl     : Adding Integrator [org.hibernate.cache.internal.CollectionCacheInvalidator].
2023-08-05T14:14:18.014-03:00  INFO 2476 --- [           main] org.hibernate.Version                    : HHH000412: Hibernate ORM core version 6.2.6.Final
2023-08-05T14:14:18.017-03:00 DEBUG 2476 --- [           main] org.hibernate.cfg.Environment            : HHH000206: hibernate.properties not found
2023-08-05T14:14:18.018-03:00  INFO 2476 --- [           main] org.hibernate.cfg.Environment            : HHH000406: Using bytecode reflection optimizer
2023-08-05T14:14:18.066-03:00 DEBUG 2476 --- [           main] org.hibernate.orm.idgen.factory          : Registering IdentifierGenerator strategy [uuid2] -> [org.hibernate.id.UUIDGenerator]
2023-08-05T14:14:18.067-03:00 DEBUG 2476 --- [           main] org.hibernate.orm.idgen.factory          : Registering IdentifierGenerator strategy [guid] -> [org.hibernate.id.GUIDGenerator]
2023-08-05T14:14:18.069-03:00 DEBUG 2476 --- [           main] org.hibernate.orm.idgen.factory          : Registering IdentifierGenerator strategy [uuid] -> [org.hibernate.id.UUIDHexGenerator]
2023-08-05T14:14:18.070-03:00 DEBUG 2476 --- [           main] org.hibernate.orm.idgen.factory          : Registering IdentifierGenerator strategy [uuid.hex] -> [org.hibernate.id.UUIDHexGenerator]
2023-08-05T14:14:18.070-03:00 DEBUG 2476 --- [           main] org.hibernate.orm.idgen.factory          : Registering IdentifierGenerator strategy [assigned] -> [org.hibernate.id.Assigned]
2023-08-05T14:14:18.073-03:00 DEBUG 2476 --- [           main] org.hibernate.orm.idgen.factory          : Registering IdentifierGenerator strategy [identity] -> [org.hibernate.id.IdentityGenerator]
2023-08-05T14:14:18.074-03:00 DEBUG 2476 --- [           main] org.hibernate.orm.idgen.factory          : Registering IdentifierGenerator strategy [select] -> [org.hibernate.id.SelectGenerator]
2023-08-05T14:14:18.076-03:00 DEBUG 2476 --- [           main] org.hibernate.orm.idgen.factory          : Registering IdentifierGenerator strategy [sequence] -> [org.hibernate.id.enhanced.SequenceStyleGenerator]
2023-08-05T14:14:18.078-03:00 DEBUG 2476 --- [           main] org.hibernate.orm.idgen.factory          : Registering IdentifierGenerator strategy [increment] -> [org.hibernate.id.IncrementGenerator]
2023-08-05T14:14:18.079-03:00 DEBUG 2476 --- [           main] org.hibernate.orm.idgen.factory          : Registering IdentifierGenerator strategy [foreign] -> [org.hibernate.id.ForeignGenerator]
2023-08-05T14:14:18.079-03:00 DEBUG 2476 --- [           main] org.hibernate.orm.idgen.factory          : Registering IdentifierGenerator strategy [enhanced-sequence] -> [org.hibernate.id.enhanced.SequenceStyleGenerator]
2023-08-05T14:14:18.081-03:00 DEBUG 2476 --- [           main] org.hibernate.orm.idgen.factory          : Registering IdentifierGenerator strategy [enhanced-table] -> [org.hibernate.id.enhanced.TableGenerator]
2023-08-05T14:14:18.097-03:00 DEBUG 2476 --- [           main] o.h.c.internal.RegionFactoryInitiator    : Cannot default RegionFactory based on registered strategies as `[]` RegionFactory strategies were registered
2023-08-05T14:14:18.099-03:00 DEBUG 2476 --- [           main] o.h.c.internal.RegionFactoryInitiator    : Cache region factory : org.hibernate.cache.internal.NoCachingRegionFactory
2023-08-05T14:14:18.307-03:00 DEBUG 2476 --- [           main] org.hibernate.type.BasicTypeRegistry     : Adding type registration boolean -> org.hibernate.type.BasicTypeReference@560271a1
2023-08-05T14:14:18.307-03:00 DEBUG 2476 --- [           main] org.hibernate.type.BasicTypeRegistry     : Adding type registration boolean -> org.hibernate.type.BasicTypeReference@560271a1
2023-08-05T14:14:18.307-03:00 DEBUG 2476 --- [           main] org.hibernate.type.BasicTypeRegistry     : Adding type registration java.lang.Boolean -> org.hibernate.type.BasicTypeReference@560271a1
2023-08-05T14:14:18.307-03:00 DEBUG 2476 --- [           main] org.hibernate.type.BasicTypeRegistry     : Adding type registration numeric_boolean -> org.hibernate.type.BasicTypeReference@4b9c411
2023-08-05T14:14:18.307-03:00 DEBUG 2476 --- [           main] org.hibernate.type.BasicTypeRegistry     : Adding type registration org.hibernate.type.NumericBooleanConverter -> org.hibernate.type.BasicTypeReference@4b9c411
2023-08-05T14:14:18.307-03:00 DEBUG 2476 --- [           main] org.hibernate.type.BasicTypeRegistry     : Adding type registration true_false -> org.hibernate.type.BasicTypeReference@41e9f86
2023-08-05T14:14:18.307-03:00 DEBUG 2476 --- [           main] org.hibernate.type.BasicTypeRegistry     : Adding type registration org.hibernate.type.TrueFalseConverter -> org.hibernate.type.BasicTypeReference@41e9f86
2023-08-05T14:14:18.307-03:00 DEBUG 2476 --- [           main] org.hibernate.type.BasicTypeRegistry     : Adding type registration yes_no -> org.hibernate.type.BasicTypeReference@66f5b8fe
2023-08-05T14:14:18.307-03:00 DEBUG 2476 --- [           main] org.hibernate.type.BasicTypeRegistry     : Adding type registration org.hibernate.type.YesNoConverter -> org.hibernate.type.BasicTypeReference@66f5b8fe
2023-08-05T14:14:18.307-03:00 DEBUG 2476 --- [           main] org.hibernate.type.BasicTypeRegistry     : Adding type registration byte -> org.hibernate.type.BasicTypeReference@233f52f8
2023-08-05T14:14:18.308-03:00 DEBUG 2476 --- [           main] org.hibernate.type.BasicTypeRegistry     : Adding type registration byte -> org.hibernate.type.BasicTypeReference@233f52f8
2023-08-05T14:14:18.308-03:00 DEBUG 2476 --- [           main] org.hibernate.type.BasicTypeRegistry     : Adding type registration java.lang.Byte -> org.hibernate.type.BasicTypeReference@233f52f8
2023-08-05T14:14:18.308-03:00 DEBUG 2476 --- [           main] org.hibernate.type.BasicTypeRegistry     : Adding type registration binary -> org.hibernate.type.BasicTypeReference@69ec93c2
2023-08-05T14:14:18.308-03:00 DEBUG 2476 --- [           main] org.hibernate.type.BasicTypeRegistry     : Adding type registration byte[] -> org.hibernate.type.BasicTypeReference@69ec93c2
2023-08-05T14:14:18.308-03:00 DEBUG 2476 --- [           main] org.hibernate.type.BasicTypeRegistry     : Adding type registration [B -> org.hibernate.type.BasicTypeReference@69ec93c2
2023-08-05T14:14:18.308-03:00 DEBUG 2476 --- [           main] org.hibernate.type.BasicTypeRegistry     : Adding type registration binary_wrapper -> org.hibernate.type.BasicTypeReference@19fec3d6
2023-08-05T14:14:18.308-03:00 DEBUG 2476 --- [           main] org.hibernate.type.BasicTypeRegistry     : Adding type registration wrapper-binary -> org.hibernate.type.BasicTypeReference@19fec3d6
2023-08-05T14:14:18.308-03:00 DEBUG 2476 --- [           main] org.hibernate.type.BasicTypeRegistry     : Adding type registration image -> org.hibernate.type.BasicTypeReference@5287ba5f
2023-08-05T14:14:18.308-03:00 DEBUG 2476 --- [           main] org.hibernate.type.BasicTypeRegistry     : Adding type registration blob -> org.hibernate.type.BasicTypeReference@b768a65
2023-08-05T14:14:18.309-03:00 DEBUG 2476 --- [           main] org.hibernate.type.BasicTypeRegistry     : Adding type registration java.sql.Blob -> org.hibernate.type.BasicTypeReference@b768a65
2023-08-05T14:14:18.309-03:00 DEBUG 2476 --- [           main] org.hibernate.type.BasicTypeRegistry     : Adding type registration materialized_blob -> org.hibernate.type.BasicTypeReference@6897a4a
2023-08-05T14:14:18.309-03:00 DEBUG 2476 --- [           main] org.hibernate.type.BasicTypeRegistry     : Adding type registration materialized_blob_wrapper -> org.hibernate.type.BasicTypeReference@6986f93e
2023-08-05T14:14:18.309-03:00 DEBUG 2476 --- [           main] org.hibernate.type.BasicTypeRegistry     : Adding type registration short -> org.hibernate.type.BasicTypeReference@6bce313
2023-08-05T14:14:18.309-03:00 DEBUG 2476 --- [           main] org.hibernate.type.BasicTypeRegistry     : Adding type registration short -> org.hibernate.type.BasicTypeReference@6bce313
2023-08-05T14:14:18.309-03:00 DEBUG 2476 --- [           main] org.hibernate.type.BasicTypeRegistry     : Adding type registration java.lang.Short -> org.hibernate.type.BasicTypeReference@6bce313
2023-08-05T14:14:18.309-03:00 DEBUG 2476 --- [           main] org.hibernate.type.BasicTypeRegistry     : Adding type registration integer -> org.hibernate.type.BasicTypeReference@39266403
2023-08-05T14:14:18.309-03:00 DEBUG 2476 --- [           main] org.hibernate.type.BasicTypeRegistry     : Adding type registration int -> org.hibernate.type.BasicTypeReference@39266403
2023-08-05T14:14:18.309-03:00 DEBUG 2476 --- [           main] org.hibernate.type.BasicTypeRegistry     : Adding type registration java.lang.Integer -> org.hibernate.type.BasicTypeReference@39266403
2023-08-05T14:14:18.309-03:00 DEBUG 2476 --- [           main] org.hibernate.type.BasicTypeRegistry     : Adding type registration long -> org.hibernate.type.BasicTypeReference@74b00247
2023-08-05T14:14:18.309-03:00 DEBUG 2476 --- [           main] org.hibernate.type.BasicTypeRegistry     : Adding type registration long -> org.hibernate.type.BasicTypeReference@74b00247
2023-08-05T14:14:18.309-03:00 DEBUG 2476 --- [           main] org.hibernate.type.BasicTypeRegistry     : Adding type registration java.lang.Long -> org.hibernate.type.BasicTypeReference@74b00247
2023-08-05T14:14:18.310-03:00 DEBUG 2476 --- [           main] org.hibernate.type.BasicTypeRegistry     : Adding type registration float -> org.hibernate.type.BasicTypeReference@2aa14ae6
2023-08-05T14:14:18.310-03:00 DEBUG 2476 --- [           main] org.hibernate.type.BasicTypeRegistry     : Adding type registration float -> org.hibernate.type.BasicTypeReference@2aa14ae6
2023-08-05T14:14:18.310-03:00 DEBUG 2476 --- [           main] org.hibernate.type.BasicTypeRegistry     : Adding type registration java.lang.Float -> org.hibernate.type.BasicTypeReference@2aa14ae6
2023-08-05T14:14:18.310-03:00 DEBUG 2476 --- [           main] org.hibernate.type.BasicTypeRegistry     : Adding type registration double -> org.hibernate.type.BasicTypeReference@4be490da
2023-08-05T14:14:18.310-03:00 DEBUG 2476 --- [           main] org.hibernate.type.BasicTypeRegistry     : Adding type registration double -> org.hibernate.type.BasicTypeReference@4be490da
2023-08-05T14:14:18.310-03:00 DEBUG 2476 --- [           main] org.hibernate.type.BasicTypeRegistry     : Adding type registration java.lang.Double -> org.hibernate.type.BasicTypeReference@4be490da
2023-08-05T14:14:18.310-03:00 DEBUG 2476 --- [           main] org.hibernate.type.BasicTypeRegistry     : Adding type registration big_integer -> org.hibernate.type.BasicTypeReference@4168f3d9
2023-08-05T14:14:18.310-03:00 DEBUG 2476 --- [           main] org.hibernate.type.BasicTypeRegistry     : Adding type registration java.math.BigInteger -> org.hibernate.type.BasicTypeReference@4168f3d9
2023-08-05T14:14:18.310-03:00 DEBUG 2476 --- [           main] org.hibernate.type.BasicTypeRegistry     : Adding type registration big_decimal -> org.hibernate.type.BasicTypeReference@353e6389
2023-08-05T14:14:18.310-03:00 DEBUG 2476 --- [           main] org.hibernate.type.BasicTypeRegistry     : Adding type registration java.math.BigDecimal -> org.hibernate.type.BasicTypeReference@353e6389
2023-08-05T14:14:18.310-03:00 DEBUG 2476 --- [           main] org.hibernate.type.BasicTypeRegistry     : Adding type registration character -> org.hibernate.type.BasicTypeReference@15e8f9b2
2023-08-05T14:14:18.310-03:00 DEBUG 2476 --- [           main] org.hibernate.type.BasicTypeRegistry     : Adding type registration char -> org.hibernate.type.BasicTypeReference@15e8f9b2
2023-08-05T14:14:18.310-03:00 DEBUG 2476 --- [           main] org.hibernate.type.BasicTypeRegistry     : Adding type registration java.lang.Character -> org.hibernate.type.BasicTypeReference@15e8f9b2
2023-08-05T14:14:18.311-03:00 DEBUG 2476 --- [           main] org.hibernate.type.BasicTypeRegistry     : Adding type registration character_nchar -> org.hibernate.type.BasicTypeReference@7a65c995
2023-08-05T14:14:18.311-03:00 DEBUG 2476 --- [           main] org.hibernate.type.BasicTypeRegistry     : Adding type registration string -> org.hibernate.type.BasicTypeReference@7c950b3b
2023-08-05T14:14:18.311-03:00 DEBUG 2476 --- [           main] org.hibernate.type.BasicTypeRegistry     : Adding type registration java.lang.String -> org.hibernate.type.BasicTypeReference@7c950b3b
2023-08-05T14:14:18.311-03:00 DEBUG 2476 --- [           main] org.hibernate.type.BasicTypeRegistry     : Adding type registration nstring -> org.hibernate.type.BasicTypeReference@3af10d0b
2023-08-05T14:14:18.311-03:00 DEBUG 2476 --- [           main] org.hibernate.type.BasicTypeRegistry     : Adding type registration characters -> org.hibernate.type.BasicTypeReference@6806468e
2023-08-05T14:14:18.311-03:00 DEBUG 2476 --- [           main] org.hibernate.type.BasicTypeRegistry     : Adding type registration char[] -> org.hibernate.type.BasicTypeReference@6806468e
2023-08-05T14:14:18.311-03:00 DEBUG 2476 --- [           main] org.hibernate.type.BasicTypeRegistry     : Adding type registration [C -> org.hibernate.type.BasicTypeReference@6806468e
2023-08-05T14:14:18.311-03:00 DEBUG 2476 --- [           main] org.hibernate.type.BasicTypeRegistry     : Adding type registration wrapper-characters -> org.hibernate.type.BasicTypeReference@3c7b137a
2023-08-05T14:14:18.311-03:00 DEBUG 2476 --- [           main] org.hibernate.type.BasicTypeRegistry     : Adding type registration text -> org.hibernate.type.BasicTypeReference@68631b1d
2023-08-05T14:14:18.311-03:00 DEBUG 2476 --- [           main] org.hibernate.type.BasicTypeRegistry     : Adding type registration ntext -> org.hibernate.type.BasicTypeReference@5a48da4f
2023-08-05T14:14:18.311-03:00 DEBUG 2476 --- [           main] org.hibernate.type.BasicTypeRegistry     : Adding type registration clob -> org.hibernate.type.BasicTypeReference@a0c5be
2023-08-05T14:14:18.311-03:00 DEBUG 2476 --- [           main] org.hibernate.type.BasicTypeRegistry     : Adding type registration java.sql.Clob -> org.hibernate.type.BasicTypeReference@a0c5be
2023-08-05T14:14:18.312-03:00 DEBUG 2476 --- [           main] org.hibernate.type.BasicTypeRegistry     : Adding type registration nclob -> org.hibernate.type.BasicTypeReference@6424e613
2023-08-05T14:14:18.312-03:00 DEBUG 2476 --- [           main] org.hibernate.type.BasicTypeRegistry     : Adding type registration java.sql.NClob -> org.hibernate.type.BasicTypeReference@6424e613
2023-08-05T14:14:18.312-03:00 DEBUG 2476 --- [           main] org.hibernate.type.BasicTypeRegistry     : Adding type registration materialized_clob -> org.hibernate.type.BasicTypeReference@14efa279
2023-08-05T14:14:18.312-03:00 DEBUG 2476 --- [           main] org.hibernate.type.BasicTypeRegistry     : Adding type registration materialized_clob_char_array -> org.hibernate.type.BasicTypeReference@8e99809
2023-08-05T14:14:18.312-03:00 DEBUG 2476 --- [           main] org.hibernate.type.BasicTypeRegistry     : Adding type registration materialized_clob_character_array -> org.hibernate.type.BasicTypeReference@e62319f
2023-08-05T14:14:18.312-03:00 DEBUG 2476 --- [           main] org.hibernate.type.BasicTypeRegistry     : Adding type registration materialized_nclob -> org.hibernate.type.BasicTypeReference@4d354a3e
2023-08-05T14:14:18.312-03:00 DEBUG 2476 --- [           main] org.hibernate.type.BasicTypeRegistry     : Adding type registration materialized_nclob_character_array -> org.hibernate.type.BasicTypeReference@24a0c58b
2023-08-05T14:14:18.312-03:00 DEBUG 2476 --- [           main] org.hibernate.type.BasicTypeRegistry     : Adding type registration materialized_nclob_char_array -> org.hibernate.type.BasicTypeReference@604d28c6
2023-08-05T14:14:18.312-03:00 DEBUG 2476 --- [           main] org.hibernate.type.BasicTypeRegistry     : Adding type registration Duration -> org.hibernate.type.BasicTypeReference@7f3c0399
2023-08-05T14:14:18.312-03:00 DEBUG 2476 --- [           main] org.hibernate.type.BasicTypeRegistry     : Adding type registration java.time.Duration -> org.hibernate.type.BasicTypeReference@7f3c0399
2023-08-05T14:14:18.312-03:00 DEBUG 2476 --- [           main] org.hibernate.type.BasicTypeRegistry     : Adding type registration LocalDateTime -> org.hibernate.type.BasicTypeReference@183fc2fa
2023-08-05T14:14:18.312-03:00 DEBUG 2476 --- [           main] org.hibernate.type.BasicTypeRegistry     : Adding type registration java.time.LocalDateTime -> org.hibernate.type.BasicTypeReference@183fc2fa
2023-08-05T14:14:18.313-03:00 DEBUG 2476 --- [           main] org.hibernate.type.BasicTypeRegistry     : Adding type registration LocalDate -> org.hibernate.type.BasicTypeReference@3a11c0eb
2023-08-05T14:14:18.313-03:00 DEBUG 2476 --- [           main] org.hibernate.type.BasicTypeRegistry     : Adding type registration java.time.LocalDate -> org.hibernate.type.BasicTypeReference@3a11c0eb
2023-08-05T14:14:18.313-03:00 DEBUG 2476 --- [           main] org.hibernate.type.BasicTypeRegistry     : Adding type registration LocalTime -> org.hibernate.type.BasicTypeReference@3313d477
2023-08-05T14:14:18.313-03:00 DEBUG 2476 --- [           main] org.hibernate.type.BasicTypeRegistry     : Adding type registration java.time.LocalTime -> org.hibernate.type.BasicTypeReference@3313d477
2023-08-05T14:14:18.313-03:00 DEBUG 2476 --- [           main] org.hibernate.type.BasicTypeRegistry     : Adding type registration OffsetDateTime -> org.hibernate.type.BasicTypeReference@2c2c3947
2023-08-05T14:14:18.313-03:00 DEBUG 2476 --- [           main] org.hibernate.type.BasicTypeRegistry     : Adding type registration java.time.OffsetDateTime -> org.hibernate.type.BasicTypeReference@2c2c3947
2023-08-05T14:14:18.313-03:00 DEBUG 2476 --- [           main] org.hibernate.type.BasicTypeRegistry     : Adding type registration OffsetDateTimeWithTimezone -> org.hibernate.type.BasicTypeReference@4a62062a
2023-08-05T14:14:18.313-03:00 DEBUG 2476 --- [           main] org.hibernate.type.BasicTypeRegistry     : Adding type registration OffsetDateTimeWithoutTimezone -> org.hibernate.type.BasicTypeReference@7ec08115
2023-08-05T14:14:18.313-03:00 DEBUG 2476 --- [           main] org.hibernate.type.BasicTypeRegistry     : Adding type registration OffsetTime -> org.hibernate.type.BasicTypeReference@53dd42d6
2023-08-05T14:14:18.313-03:00 DEBUG 2476 --- [           main] org.hibernate.type.BasicTypeRegistry     : Adding type registration java.time.OffsetTime -> org.hibernate.type.BasicTypeReference@53dd42d6
2023-08-05T14:14:18.313-03:00 DEBUG 2476 --- [           main] org.hibernate.type.BasicTypeRegistry     : Adding type registration OffsetTimeUtc -> org.hibernate.type.BasicTypeReference@1e76afeb
2023-08-05T14:14:18.314-03:00 DEBUG 2476 --- [           main] org.hibernate.type.BasicTypeRegistry     : Adding type registration OffsetTimeWithTimezone -> org.hibernate.type.BasicTypeReference@447fa959
2023-08-05T14:14:18.314-03:00 DEBUG 2476 --- [           main] org.hibernate.type.BasicTypeRegistry     : Adding type registration OffsetTimeWithoutTimezone -> org.hibernate.type.BasicTypeReference@3e4d40ea
2023-08-05T14:14:18.314-03:00 DEBUG 2476 --- [           main] org.hibernate.type.BasicTypeRegistry     : Adding type registration ZonedDateTime -> org.hibernate.type.BasicTypeReference@73f6e07
2023-08-05T14:14:18.314-03:00 DEBUG 2476 --- [           main] org.hibernate.type.BasicTypeRegistry     : Adding type registration java.time.ZonedDateTime -> org.hibernate.type.BasicTypeReference@73f6e07
2023-08-05T14:14:18.314-03:00 DEBUG 2476 --- [           main] org.hibernate.type.BasicTypeRegistry     : Adding type registration ZonedDateTimeWithTimezone -> org.hibernate.type.BasicTypeReference@2c9d90fc
2023-08-05T14:14:18.314-03:00 DEBUG 2476 --- [           main] org.hibernate.type.BasicTypeRegistry     : Adding type registration ZonedDateTimeWithoutTimezone -> org.hibernate.type.BasicTypeReference@1511d157
2023-08-05T14:14:18.314-03:00 DEBUG 2476 --- [           main] org.hibernate.type.BasicTypeRegistry     : Adding type registration date -> org.hibernate.type.BasicTypeReference@418f890f
2023-08-05T14:14:18.314-03:00 DEBUG 2476 --- [           main] org.hibernate.type.BasicTypeRegistry     : Adding type registration java.sql.Date -> org.hibernate.type.BasicTypeReference@418f890f
2023-08-05T14:14:18.314-03:00 DEBUG 2476 --- [           main] org.hibernate.type.BasicTypeRegistry     : Adding type registration time -> org.hibernate.type.BasicTypeReference@3d3c886f
2023-08-05T14:14:18.315-03:00 DEBUG 2476 --- [           main] org.hibernate.type.BasicTypeRegistry     : Adding type registration java.sql.Time -> org.hibernate.type.BasicTypeReference@3d3c886f
2023-08-05T14:14:18.315-03:00 DEBUG 2476 --- [           main] org.hibernate.type.BasicTypeRegistry     : Adding type registration timestamp -> org.hibernate.type.BasicTypeReference@7d66e544
2023-08-05T14:14:18.315-03:00 DEBUG 2476 --- [           main] org.hibernate.type.BasicTypeRegistry     : Adding type registration java.sql.Timestamp -> org.hibernate.type.BasicTypeReference@7d66e544
2023-08-05T14:14:18.315-03:00 DEBUG 2476 --- [           main] org.hibernate.type.BasicTypeRegistry     : Adding type registration java.util.Date -> org.hibernate.type.BasicTypeReference@7d66e544
2023-08-05T14:14:18.315-03:00 DEBUG 2476 --- [           main] org.hibernate.type.BasicTypeRegistry     : Adding type registration calendar -> org.hibernate.type.BasicTypeReference@666618d6
2023-08-05T14:14:18.315-03:00 DEBUG 2476 --- [           main] org.hibernate.type.BasicTypeRegistry     : Adding type registration java.util.Calendar -> org.hibernate.type.BasicTypeReference@666618d6
2023-08-05T14:14:18.315-03:00 DEBUG 2476 --- [           main] org.hibernate.type.BasicTypeRegistry     : Adding type registration java.util.GregorianCalendar -> org.hibernate.type.BasicTypeReference@666618d6
2023-08-05T14:14:18.316-03:00 DEBUG 2476 --- [           main] org.hibernate.type.BasicTypeRegistry     : Adding type registration calendar_date -> org.hibernate.type.BasicTypeReference@5b1c32e4
2023-08-05T14:14:18.316-03:00 DEBUG 2476 --- [           main] org.hibernate.type.BasicTypeRegistry     : Adding type registration calendar_time -> org.hibernate.type.BasicTypeReference@2bab618
2023-08-05T14:14:18.316-03:00 DEBUG 2476 --- [           main] org.hibernate.type.BasicTypeRegistry     : Adding type registration instant -> org.hibernate.type.BasicTypeReference@48bc2fce
2023-08-05T14:14:18.316-03:00 DEBUG 2476 --- [           main] org.hibernate.type.BasicTypeRegistry     : Adding type registration java.time.Instant -> org.hibernate.type.BasicTypeReference@48bc2fce
2023-08-05T14:14:18.316-03:00 DEBUG 2476 --- [           main] org.hibernate.type.BasicTypeRegistry     : Adding type registration uuid -> org.hibernate.type.BasicTypeReference@1eca3ea7
2023-08-05T14:14:18.316-03:00 DEBUG 2476 --- [           main] org.hibernate.type.BasicTypeRegistry     : Adding type registration java.util.UUID -> org.hibernate.type.BasicTypeReference@1eca3ea7
2023-08-05T14:14:18.316-03:00 DEBUG 2476 --- [           main] org.hibernate.type.BasicTypeRegistry     : Adding type registration pg-uuid -> org.hibernate.type.BasicTypeReference@1eca3ea7
2023-08-05T14:14:18.316-03:00 DEBUG 2476 --- [           main] org.hibernate.type.BasicTypeRegistry     : Adding type registration uuid-binary -> org.hibernate.type.BasicTypeReference@24fba488
2023-08-05T14:14:18.316-03:00 DEBUG 2476 --- [           main] org.hibernate.type.BasicTypeRegistry     : Adding type registration uuid-char -> org.hibernate.type.BasicTypeReference@73a6cc79
2023-08-05T14:14:18.316-03:00 DEBUG 2476 --- [           main] org.hibernate.type.BasicTypeRegistry     : Adding type registration class -> org.hibernate.type.BasicTypeReference@5a4d4f9c
2023-08-05T14:14:18.317-03:00 DEBUG 2476 --- [           main] org.hibernate.type.BasicTypeRegistry     : Adding type registration java.lang.Class -> org.hibernate.type.BasicTypeReference@5a4d4f9c
2023-08-05T14:14:18.317-03:00 DEBUG 2476 --- [           main] org.hibernate.type.BasicTypeRegistry     : Adding type registration currency -> org.hibernate.type.BasicTypeReference@153d6d74
2023-08-05T14:14:18.317-03:00 DEBUG 2476 --- [           main] org.hibernate.type.BasicTypeRegistry     : Adding type registration Currency -> org.hibernate.type.BasicTypeReference@153d6d74
2023-08-05T14:14:18.317-03:00 DEBUG 2476 --- [           main] org.hibernate.type.BasicTypeRegistry     : Adding type registration java.util.Currency -> org.hibernate.type.BasicTypeReference@153d6d74
2023-08-05T14:14:18.317-03:00 DEBUG 2476 --- [           main] org.hibernate.type.BasicTypeRegistry     : Adding type registration locale -> org.hibernate.type.BasicTypeReference@6c9b44bf
2023-08-05T14:14:18.317-03:00 DEBUG 2476 --- [           main] org.hibernate.type.BasicTypeRegistry     : Adding type registration java.util.Locale -> org.hibernate.type.BasicTypeReference@6c9b44bf
2023-08-05T14:14:18.317-03:00 DEBUG 2476 --- [           main] org.hibernate.type.BasicTypeRegistry     : Adding type registration serializable -> org.hibernate.type.BasicTypeReference@299b9851
2023-08-05T14:14:18.318-03:00 DEBUG 2476 --- [           main] org.hibernate.type.BasicTypeRegistry     : Adding type registration java.io.Serializable -> org.hibernate.type.BasicTypeReference@299b9851
2023-08-05T14:14:18.318-03:00 DEBUG 2476 --- [           main] org.hibernate.type.BasicTypeRegistry     : Adding type registration timezone -> org.hibernate.type.BasicTypeReference@191a0351
2023-08-05T14:14:18.318-03:00 DEBUG 2476 --- [           main] org.hibernate.type.BasicTypeRegistry     : Adding type registration java.util.TimeZone -> org.hibernate.type.BasicTypeReference@191a0351
2023-08-05T14:14:18.318-03:00 DEBUG 2476 --- [           main] org.hibernate.type.BasicTypeRegistry     : Adding type registration ZoneOffset -> org.hibernate.type.BasicTypeReference@67328bcb
2023-08-05T14:14:18.318-03:00 DEBUG 2476 --- [           main] org.hibernate.type.BasicTypeRegistry     : Adding type registration java.time.ZoneOffset -> org.hibernate.type.BasicTypeReference@67328bcb
2023-08-05T14:14:18.318-03:00 DEBUG 2476 --- [           main] org.hibernate.type.BasicTypeRegistry     : Adding type registration url -> org.hibernate.type.BasicTypeReference@51ba952e
2023-08-05T14:14:18.318-03:00 DEBUG 2476 --- [           main] org.hibernate.type.BasicTypeRegistry     : Adding type registration java.net.URL -> org.hibernate.type.BasicTypeReference@51ba952e
2023-08-05T14:14:18.318-03:00 DEBUG 2476 --- [           main] org.hibernate.type.BasicTypeRegistry     : Adding type registration row_version -> org.hibernate.type.BasicTypeReference@2416c658
2023-08-05T14:14:18.325-03:00 DEBUG 2476 --- [           main] org.hibernate.type.BasicTypeRegistry     : Adding type registration object -> org.hibernate.type.JavaObjectType@3e5beab5
2023-08-05T14:14:18.325-03:00 DEBUG 2476 --- [           main] org.hibernate.type.BasicTypeRegistry     : Adding type registration java.lang.Object -> org.hibernate.type.JavaObjectType@3e5beab5
2023-08-05T14:14:18.327-03:00 DEBUG 2476 --- [           main] org.hibernate.type.BasicTypeRegistry     : Adding type registration null -> org.hibernate.type.NullType@752b69e3
2023-08-05T14:14:18.327-03:00 DEBUG 2476 --- [           main] org.hibernate.type.BasicTypeRegistry     : Adding type registration imm_date -> org.hibernate.type.BasicTypeReference@15605d83
2023-08-05T14:14:18.327-03:00 DEBUG 2476 --- [           main] org.hibernate.type.BasicTypeRegistry     : Adding type registration imm_time -> org.hibernate.type.BasicTypeReference@1fb2eec
2023-08-05T14:14:18.327-03:00 DEBUG 2476 --- [           main] org.hibernate.type.BasicTypeRegistry     : Adding type registration imm_timestamp -> org.hibernate.type.BasicTypeReference@4c18516
2023-08-05T14:14:18.327-03:00 DEBUG 2476 --- [           main] org.hibernate.type.BasicTypeRegistry     : Adding type registration imm_calendar -> org.hibernate.type.BasicTypeReference@2a0b901c
2023-08-05T14:14:18.327-03:00 DEBUG 2476 --- [           main] org.hibernate.type.BasicTypeRegistry     : Adding type registration imm_calendar_date -> org.hibernate.type.BasicTypeReference@3d104c9b
2023-08-05T14:14:18.328-03:00 DEBUG 2476 --- [           main] org.hibernate.type.BasicTypeRegistry     : Adding type registration imm_calendar_time -> org.hibernate.type.BasicTypeReference@6544899b
2023-08-05T14:14:18.328-03:00 DEBUG 2476 --- [           main] org.hibernate.type.BasicTypeRegistry     : Adding type registration imm_binary -> org.hibernate.type.BasicTypeReference@6da54910
2023-08-05T14:14:18.328-03:00 DEBUG 2476 --- [           main] org.hibernate.type.BasicTypeRegistry     : Adding type registration imm_serializable -> org.hibernate.type.BasicTypeReference@1bd8afc8
2023-08-05T14:14:18.336-03:00 DEBUG 2476 --- [           main] o.h.boot.internal.BootstrapContextImpl   : Injecting JPA temp ClassLoader [org.springframework.instrument.classloading.SimpleThrowawayClassLoader@2e6d76ba] into BootstrapContext; was [null]
2023-08-05T14:14:18.336-03:00 DEBUG 2476 --- [           main] o.h.boot.internal.ClassLoaderAccessImpl  : ClassLoaderAccessImpl#injectTempClassLoader(org.springframework.instrument.classloading.SimpleThrowawayClassLoader@2e6d76ba) [was null]
2023-08-05T14:14:18.337-03:00 DEBUG 2476 --- [           main] o.h.boot.internal.BootstrapContextImpl   : Injecting ScanEnvironment [org.hibernate.jpa.boot.internal.StandardJpaScanEnvironmentImpl@2ca54da9] into BootstrapContext; was [null]
2023-08-05T14:14:18.337-03:00 DEBUG 2476 --- [           main] o.h.boot.internal.BootstrapContextImpl   : Injecting ScanOptions [org.hibernate.boot.archive.scan.internal.StandardScanOptions@34a20f16] into BootstrapContext; was [org.hibernate.boot.archive.scan.internal.StandardScanOptions@496cc217]
2023-08-05T14:14:18.362-03:00  INFO 2476 --- [           main] o.h.b.i.BytecodeProviderInitiator        : HHH000021: Bytecode provider name : bytebuddy
2023-08-05T14:14:18.701-03:00  INFO 2476 --- [           main] o.s.o.j.p.SpringPersistenceUnitInfo      : No LoadTimeWeaver setup: ignoring JPA class transformer
2023-08-05T14:14:18.701-03:00 DEBUG 2476 --- [           main] o.h.boot.internal.BootstrapContextImpl   : Injecting JPA temp ClassLoader [null] into BootstrapContext; was [org.springframework.instrument.classloading.SimpleThrowawayClassLoader@2e6d76ba]
2023-08-05T14:14:18.701-03:00 DEBUG 2476 --- [           main] o.h.boot.internal.ClassLoaderAccessImpl  : ClassLoaderAccessImpl#injectTempClassLoader(null) [was org.springframework.instrument.classloading.SimpleThrowawayClassLoader@2e6d76ba]
2023-08-05T14:14:18.742-03:00 DEBUG 2476 --- [           main] com.zaxxer.hikari.HikariConfig           : HikariPool-1 - configuration:
2023-08-05T14:14:18.752-03:00 DEBUG 2476 --- [           main] com.zaxxer.hikari.HikariConfig           : allowPoolSuspension.............false
2023-08-05T14:14:18.752-03:00 DEBUG 2476 --- [           main] com.zaxxer.hikari.HikariConfig           : autoCommit......................true
2023-08-05T14:14:18.753-03:00 DEBUG 2476 --- [           main] com.zaxxer.hikari.HikariConfig           : catalog.........................none
2023-08-05T14:14:18.753-03:00 DEBUG 2476 --- [           main] com.zaxxer.hikari.HikariConfig           : connectionInitSql...............none
2023-08-05T14:14:18.753-03:00 DEBUG 2476 --- [           main] com.zaxxer.hikari.HikariConfig           : connectionTestQuery.............none
2023-08-05T14:14:18.753-03:00 DEBUG 2476 --- [           main] com.zaxxer.hikari.HikariConfig           : connectionTimeout...............30000
2023-08-05T14:14:18.754-03:00 DEBUG 2476 --- [           main] com.zaxxer.hikari.HikariConfig           : dataSource......................none
2023-08-05T14:14:18.754-03:00 DEBUG 2476 --- [           main] com.zaxxer.hikari.HikariConfig           : dataSourceClassName.............none
2023-08-05T14:14:18.755-03:00 DEBUG 2476 --- [           main] com.zaxxer.hikari.HikariConfig           : dataSourceJNDI..................none
2023-08-05T14:14:18.756-03:00 DEBUG 2476 --- [           main] com.zaxxer.hikari.HikariConfig           : dataSourceProperties............{password=<masked>}
2023-08-05T14:14:18.757-03:00 DEBUG 2476 --- [           main] com.zaxxer.hikari.HikariConfig           : driverClassName................."com.mysql.cj.jdbc.Driver"
2023-08-05T14:14:18.758-03:00 DEBUG 2476 --- [           main] com.zaxxer.hikari.HikariConfig           : exceptionOverrideClassName......none
2023-08-05T14:14:18.758-03:00 DEBUG 2476 --- [           main] com.zaxxer.hikari.HikariConfig           : healthCheckProperties...........{}
2023-08-05T14:14:18.759-03:00 DEBUG 2476 --- [           main] com.zaxxer.hikari.HikariConfig           : healthCheckRegistry.............none
2023-08-05T14:14:18.759-03:00 DEBUG 2476 --- [           main] com.zaxxer.hikari.HikariConfig           : idleTimeout.....................600000
2023-08-05T14:14:18.759-03:00 DEBUG 2476 --- [           main] com.zaxxer.hikari.HikariConfig           : initializationFailTimeout.......1
2023-08-05T14:14:18.759-03:00 DEBUG 2476 --- [           main] com.zaxxer.hikari.HikariConfig           : isolateInternalQueries..........false
2023-08-05T14:14:18.760-03:00 DEBUG 2476 --- [           main] com.zaxxer.hikari.HikariConfig           : jdbcUrl.........................jdbc:mysql://root:2yIOS27QxpHjgdOij7ws@containers-us-west-120.railway.app:5976/railway
2023-08-05T14:14:18.760-03:00 DEBUG 2476 --- [           main] com.zaxxer.hikari.HikariConfig           : keepaliveTime...................0
2023-08-05T14:14:18.760-03:00 DEBUG 2476 --- [           main] com.zaxxer.hikari.HikariConfig           : leakDetectionThreshold..........0
2023-08-05T14:14:18.760-03:00 DEBUG 2476 --- [           main] com.zaxxer.hikari.HikariConfig           : maxLifetime.....................1800000
2023-08-05T14:14:18.760-03:00 DEBUG 2476 --- [           main] com.zaxxer.hikari.HikariConfig           : maximumPoolSize.................10
2023-08-05T14:14:18.760-03:00 DEBUG 2476 --- [           main] com.zaxxer.hikari.HikariConfig           : metricRegistry..................none
2023-08-05T14:14:18.760-03:00 DEBUG 2476 --- [           main] com.zaxxer.hikari.HikariConfig           : metricsTrackerFactory...........none
2023-08-05T14:14:18.761-03:00 DEBUG 2476 --- [           main] com.zaxxer.hikari.HikariConfig           : minimumIdle.....................10
2023-08-05T14:14:18.761-03:00 DEBUG 2476 --- [           main] com.zaxxer.hikari.HikariConfig           : password........................<masked>
2023-08-05T14:14:18.761-03:00 DEBUG 2476 --- [           main] com.zaxxer.hikari.HikariConfig           : poolName........................"HikariPool-1"
2023-08-05T14:14:18.761-03:00 DEBUG 2476 --- [           main] com.zaxxer.hikari.HikariConfig           : readOnly........................false
2023-08-05T14:14:18.762-03:00 DEBUG 2476 --- [           main] com.zaxxer.hikari.HikariConfig           : registerMbeans..................false
2023-08-05T14:14:18.762-03:00 DEBUG 2476 --- [           main] com.zaxxer.hikari.HikariConfig           : scheduledExecutor...............none
2023-08-05T14:14:18.762-03:00 DEBUG 2476 --- [           main] com.zaxxer.hikari.HikariConfig           : schema..........................none
2023-08-05T14:14:18.763-03:00 DEBUG 2476 --- [           main] com.zaxxer.hikari.HikariConfig           : threadFactory...................internal
2023-08-05T14:14:18.763-03:00 DEBUG 2476 --- [           main] com.zaxxer.hikari.HikariConfig           : transactionIsolation............default
2023-08-05T14:14:18.764-03:00 DEBUG 2476 --- [           main] com.zaxxer.hikari.HikariConfig           : username........................"root"
2023-08-05T14:14:18.764-03:00 DEBUG 2476 --- [           main] com.zaxxer.hikari.HikariConfig           : validationTimeout...............5000
2023-08-05T14:14:18.764-03:00  INFO 2476 --- [           main] com.zaxxer.hikari.HikariDataSource       : HikariPool-1 - Starting...
2023-08-05T14:14:19.884-03:00 DEBUG 2476 --- [           main] jdk.event.security                       : X509Certificate: Alg:SHA256withRSA, Serial:2, Subject:CN=MySQL_Server_8.1.0_Auto_Generated_Server_Certificate, Issuer:CN=MySQL_Server_8.1.0_Auto_Generated_CA_Certificate, Key type:RSA, Length:2048, Cert Id:1446512709, Valid from:5/8/23 12:28, Valid until:2/8/33 12:28
2023-08-05T14:14:19.887-03:00 DEBUG 2476 --- [           main] jdk.event.security                       : X509Certificate: Alg:SHA256withRSA, Serial:1, Subject:CN=MySQL_Server_8.1.0_Auto_Generated_CA_Certificate, Issuer:CN=MySQL_Server_8.1.0_Auto_Generated_CA_Certificate, Key type:RSA, Length:2048, Cert Id:-1133725801, Valid from:5/8/23 12:28, Valid until:2/8/33 12:28
2023-08-05T14:14:19.915-03:00 DEBUG 2476 --- [           main] jdk.event.security                       :  TLSHandshake: containers-us-west-120.railway.app:5976, TLSv1.3, TLS_AES_256_GCM_SHA384, 1446512709
2023-08-05T14:14:21.209-03:00  INFO 2476 --- [           main] com.zaxxer.hikari.pool.HikariPool        : HikariPool-1 - Added connection com.mysql.cj.jdbc.ConnectionImpl@1179fc8c
2023-08-05T14:14:21.215-03:00  INFO 2476 --- [           main] com.zaxxer.hikari.HikariDataSource       : HikariPool-1 - Start completed.
2023-08-05T14:14:21.233-03:00 DEBUG 2476 --- [           main] o.h.e.j.e.i.JdbcEnvironmentInitiator     : Database ->
       name : MySQL
    version : 8.1.0
      major : 8
      minor : 1
2023-08-05T14:14:21.234-03:00 DEBUG 2476 --- [           main] o.h.e.j.e.i.JdbcEnvironmentInitiator     : Driver ->
       name : MySQL Connector/J
    version : mysql-connector-j-8.0.33 (Revision: 7d6b0800528b6b25c68b52dc10d6c1c8429c100c)
      major : 8
      minor : 0
2023-08-05T14:14:21.234-03:00 DEBUG 2476 --- [           main] o.h.e.j.e.i.JdbcEnvironmentInitiator     : JDBC version : 4.2
2023-08-05T14:14:21.327-03:00 DEBUG 2476 --- [l-1 housekeeper] com.zaxxer.hikari.pool.HikariPool        : HikariPool-1 - Pool stats (total=1, active=1, idle=0, waiting=0)
2023-08-05T14:14:21.494-03:00 DEBUG 2476 --- [           main] org.hibernate.orm.dialect                : HHH035001: Using dialect: org.hibernate.dialect.MySQL8Dialect, version: 8.0
2023-08-05T14:14:21.498-03:00  WARN 2476 --- [           main] org.hibernate.orm.deprecation            : HHH90000026: MySQL8Dialect has been deprecated; use org.hibernate.dialect.MySQLDialect instead
2023-08-05T14:14:21.511-03:00 DEBUG 2476 --- [           main] o.h.e.j.env.spi.IdentifierHelperBuilder  : JDBC driver metadata reported database stores quoted identifiers in more than one case
2023-08-05T14:14:21.511-03:00 DEBUG 2476 --- [           main] o.h.e.j.env.spi.IdentifierHelperBuilder  : IdentifierCaseStrategy for both quoted and unquoted identifiers was set to the same strategy [MIXED]; that will likely lead to problems in schema update and validation if using quoted identifiers
2023-08-05T14:14:21.552-03:00 DEBUG 2476 --- [           main] o.h.t.d.sql.spi.DdlTypeRegistry          : addDescriptor(12, org.hibernate.type.descriptor.sql.internal.CapacityDependentDdlType@186481d4) replaced previous registration(org.hibernate.type.descriptor.sql.internal.CapacityDependentDdlType@24eecabf)
2023-08-05T14:14:21.553-03:00 DEBUG 2476 --- [           main] o.h.t.d.sql.spi.DdlTypeRegistry          : addDescriptor(-9, org.hibernate.type.descriptor.sql.internal.CapacityDependentDdlType@2ffa91dc) replaced previous registration(org.hibernate.type.descriptor.sql.internal.CapacityDependentDdlType@78d6c244)
2023-08-05T14:14:21.553-03:00 DEBUG 2476 --- [           main] o.h.t.d.sql.spi.DdlTypeRegistry          : addDescriptor(-3, org.hibernate.type.descriptor.sql.internal.CapacityDependentDdlType@448086ab) replaced previous registration(org.hibernate.type.descriptor.sql.internal.CapacityDependentDdlType@16e907b6)
2023-08-05T14:14:21.554-03:00 DEBUG 2476 --- [           main] o.h.t.d.sql.spi.DdlTypeRegistry          : addDescriptor(4003, org.hibernate.type.descriptor.sql.internal.DdlTypeImpl@6de610c6) replaced previous registration(org.hibernate.type.descriptor.sql.internal.DdlTypeImpl@23ec2bdc)
2023-08-05T14:14:21.554-03:00 DEBUG 2476 --- [           main] o.h.t.d.sql.spi.DdlTypeRegistry          : addDescriptor(4001, org.hibernate.type.descriptor.sql.internal.DdlTypeImpl@631944d4) replaced previous registration(org.hibernate.type.descriptor.sql.internal.DdlTypeImpl@3d132bb6)
2023-08-05T14:14:21.554-03:00 DEBUG 2476 --- [           main] o.h.t.d.sql.spi.DdlTypeRegistry          : addDescriptor(4002, org.hibernate.type.descriptor.sql.internal.DdlTypeImpl@60ae7cf2) replaced previous registration(org.hibernate.type.descriptor.sql.internal.DdlTypeImpl@225e09f0)
2023-08-05T14:14:21.554-03:00 DEBUG 2476 --- [           main] o.h.t.d.sql.spi.DdlTypeRegistry          : addDescriptor(2004, org.hibernate.type.descriptor.sql.internal.CapacityDependentDdlType@bc8d68b) replaced previous registration(org.hibernate.type.descriptor.sql.internal.DdlTypeImpl@2fa212df)
2023-08-05T14:14:21.555-03:00 DEBUG 2476 --- [           main] o.h.t.d.sql.spi.DdlTypeRegistry          : addDescriptor(2005, org.hibernate.type.descriptor.sql.internal.CapacityDependentDdlType@3cf8a235) replaced previous registration(org.hibernate.type.descriptor.sql.internal.DdlTypeImpl@6e3b2dd3)
2023-08-05T14:14:21.555-03:00 DEBUG 2476 --- [           main] o.h.t.d.sql.spi.DdlTypeRegistry          : addDescriptor(2011, org.hibernate.type.descriptor.sql.internal.CapacityDependentDdlType@238ad211) replaced previous registration(org.hibernate.type.descriptor.sql.internal.DdlTypeImpl@1c011855)
2023-08-05T14:14:21.557-03:00 DEBUG 2476 --- [           main] o.h.t.d.jdbc.spi.JdbcTypeRegistry        : addDescriptor(NCharTypeDescriptor) replaced previous registration(CharTypeDescriptor)
2023-08-05T14:14:21.557-03:00 DEBUG 2476 --- [           main] o.h.t.d.jdbc.spi.JdbcTypeRegistry        : addDescriptor(NVarcharTypeDescriptor) replaced previous registration(VarcharTypeDescriptor)
2023-08-05T14:14:21.558-03:00 DEBUG 2476 --- [           main] o.h.t.d.jdbc.spi.JdbcTypeRegistry        : addDescriptor(LongNVarcharTypeDescriptor) replaced previous registration(LongVarcharTypeDescriptor)
2023-08-05T14:14:21.561-03:00 DEBUG 2476 --- [           main] o.h.t.d.jdbc.spi.JdbcTypeRegistry        : addDescriptor(NClobTypeDescriptor(DEFAULT)) replaced previous registration(ClobTypeDescriptor(DEFAULT))
2023-08-05T14:14:21.562-03:00 DEBUG 2476 --- [           main] o.h.t.d.jdbc.spi.JdbcTypeRegistry        : addDescriptor(2005, ClobTypeDescriptor(STREAM_BINDING)) replaced previous registration(ClobTypeDescriptor(DEFAULT))
2023-08-05T14:14:21.568-03:00 DEBUG 2476 --- [           main] org.hibernate.type.BasicTypeRegistry     : Adding type registration null -> org.hibernate.type.NullType@2d38db6f
2023-08-05T14:14:21.568-03:00 DEBUG 2476 --- [           main] org.hibernate.type.BasicTypeRegistry     : Type registration key [null] overrode previous entry : `org.hibernate.type.NullType@752b69e3`
2023-08-05T14:14:21.578-03:00 DEBUG 2476 --- [           main] org.hibernate.type.BasicTypeRegistry     : Adding type registration org.hibernate.type.OffsetDateTimeType -> basicType@1(java.time.OffsetDateTime,3003)
2023-08-05T14:14:21.579-03:00 DEBUG 2476 --- [           main] org.hibernate.type.BasicTypeRegistry     : Adding type registration OffsetDateTime -> basicType@1(java.time.OffsetDateTime,3003)
2023-08-05T14:14:21.579-03:00 DEBUG 2476 --- [           main] org.hibernate.type.BasicTypeRegistry     : Adding type registration java.time.OffsetDateTime -> basicType@1(java.time.OffsetDateTime,3003)
2023-08-05T14:14:21.579-03:00 DEBUG 2476 --- [           main] org.hibernate.type.BasicTypeRegistry     : Adding type registration org.hibernate.type.ZonedDateTimeType -> basicType@2(java.time.ZonedDateTime,3003)
2023-08-05T14:14:21.579-03:00 DEBUG 2476 --- [           main] org.hibernate.type.BasicTypeRegistry     : Adding type registration ZonedDateTime -> basicType@2(java.time.ZonedDateTime,3003)
2023-08-05T14:14:21.579-03:00 DEBUG 2476 --- [           main] org.hibernate.type.BasicTypeRegistry     : Adding type registration java.time.ZonedDateTime -> basicType@2(java.time.ZonedDateTime,3003)
2023-08-05T14:14:21.581-03:00 DEBUG 2476 --- [           main] org.hibernate.type.BasicTypeRegistry     : Adding type registration org.hibernate.type.OffsetTimeType -> basicType@3(java.time.OffsetTime,3007)
2023-08-05T14:14:21.581-03:00 DEBUG 2476 --- [           main] org.hibernate.type.BasicTypeRegistry     : Adding type registration OffsetTime -> basicType@3(java.time.OffsetTime,3007)
2023-08-05T14:14:21.581-03:00 DEBUG 2476 --- [           main] org.hibernate.type.BasicTypeRegistry     : Adding type registration java.time.OffsetTime -> basicType@3(java.time.OffsetTime,3007)
2023-08-05T14:14:21.583-03:00 DEBUG 2476 --- [           main] o.h.type.spi.TypeConfiguration$Scope     : Scoping TypeConfiguration [org.hibernate.type.spi.TypeConfiguration@1c7843c3] to MetadataBuildingContext [org.hibernate.boot.internal.MetadataBuildingContextRootImpl@5158a9f7]
2023-08-05T14:14:21.674-03:00 DEBUG 2476 --- [           main] o.h.boot.model.relational.Namespace      : Created database namespace [logicalName=Name{catalog=null, schema=null}, physicalName=Name{catalog=null, schema=null}]
2023-08-05T14:14:21.730-03:00 DEBUG 2476 --- [           main] o.h.boot.model.internal.EntityBinder     : Binding entity from annotated class: com.techforb.challenge.entity.Card
2023-08-05T14:14:21.747-03:00 DEBUG 2476 --- [           main] o.h.boot.model.internal.EntityBinder     : Import with entity name Card
2023-08-05T14:14:21.758-03:00 DEBUG 2476 --- [           main] o.h.boot.model.internal.EntityBinder     : Bind entity com.techforb.challenge.entity.Card on table card
2023-08-05T14:14:21.778-03:00 DEBUG 2476 --- [           main] o.h.boot.model.internal.AnnotatedColumn  : Binding column: AnnotatedDiscriminatorColumn(column='DTYPE')
2023-08-05T14:14:21.825-03:00 DEBUG 2476 --- [           main] o.h.boot.model.internal.AnnotatedColumn  : Binding column: AnnotatedColumn()
2023-08-05T14:14:21.827-03:00 DEBUG 2476 --- [           main] o.h.boot.internal.ClassLoaderAccessImpl  : Not known whether passed class name [com.techforb.challenge.entity.Card] is safe
2023-08-05T14:14:21.827-03:00 DEBUG 2476 --- [           main] o.h.boot.internal.ClassLoaderAccessImpl  : No temp ClassLoader provided; using live ClassLoader for loading potentially unsafe class : com.techforb.challenge.entity.Card
2023-08-05T14:14:21.836-03:00 DEBUG 2476 --- [           main] o.h.boot.model.internal.PropertyBinder   : MetadataSourceProcessor property id with lazy=false
2023-08-05T14:14:21.848-03:00 DEBUG 2476 --- [           main] o.h.b.m.internal.AbstractPropertyHolder  : Attempting to locate auto-apply AttributeConverter for property [com.techforb.challenge.entity.Card:id]
2023-08-05T14:14:21.861-03:00 DEBUG 2476 --- [           main] o.h.b.model.internal.BasicValueBinder    : building BasicValue for id
2023-08-05T14:14:21.871-03:00 DEBUG 2476 --- [           main] org.hibernate.mapping.BasicValue         : Skipping column re-registration: card.id
2023-08-05T14:14:21.874-03:00 DEBUG 2476 --- [           main] o.h.boot.model.internal.PropertyBinder   : Building property id
2023-08-05T14:14:21.899-03:00 DEBUG 2476 --- [onnection adder] jdk.event.security                       : X509Certificate: Alg:SHA256withRSA, Serial:2, Subject:CN=MySQL_Server_8.1.0_Auto_Generated_Server_Certificate, Issuer:CN=MySQL_Server_8.1.0_Auto_Generated_CA_Certificate, Key type:RSA, Length:2048, Cert Id:1446512709, Valid from:5/8/23 12:28, Valid until:2/8/33 12:28
2023-08-05T14:14:21.900-03:00 DEBUG 2476 --- [onnection adder] jdk.event.security                       : X509Certificate: Alg:SHA256withRSA, Serial:1, Subject:CN=MySQL_Server_8.1.0_Auto_Generated_CA_Certificate, Issuer:CN=MySQL_Server_8.1.0_Auto_Generated_CA_Certificate, Key type:RSA, Length:2048, Cert Id:-1133725801, Valid from:5/8/23 12:28, Valid until:2/8/33 12:28
2023-08-05T14:14:21.906-03:00 DEBUG 2476 --- [onnection adder] jdk.event.security                       :  TLSHandshake: containers-us-west-120.railway.app:5976, TLSv1.3, TLS_AES_256_GCM_SHA384, 1446512709
2023-08-05T14:14:21.909-03:00 DEBUG 2476 --- [           main] o.h.boot.model.internal.BinderHelper     : #makeIdGenerator(BasicValue([Column(id)]), id, identity, , ...)
2023-08-05T14:14:21.911-03:00 DEBUG 2476 --- [           main] o.h.boot.model.internal.AnnotatedColumn  : Binding column: AnnotatedColumn(column='card_holder_name')
2023-08-05T14:14:21.911-03:00 DEBUG 2476 --- [           main] o.h.boot.model.internal.PropertyBinder   : MetadataSourceProcessor property cardHolderName with lazy=false
2023-08-05T14:14:21.912-03:00 DEBUG 2476 --- [           main] o.h.b.m.internal.AbstractPropertyHolder  : Attempting to locate auto-apply AttributeConverter for property [com.techforb.challenge.entity.Card:cardHolderName]
2023-08-05T14:14:21.912-03:00 DEBUG 2476 --- [           main] o.h.b.model.internal.BasicValueBinder    : building BasicValue for cardHolderName
2023-08-05T14:14:21.912-03:00 DEBUG 2476 --- [           main] org.hibernate.mapping.BasicValue         : Skipping column re-registration: card.card_holder_name
2023-08-05T14:14:21.912-03:00 DEBUG 2476 --- [           main] o.h.boot.model.internal.PropertyBinder   : Building property cardHolderName
2023-08-05T14:14:21.914-03:00 DEBUG 2476 --- [           main] o.h.boot.model.internal.AnnotatedColumn  : Binding column: AnnotatedColumn(column='card_number')
2023-08-05T14:14:21.914-03:00 DEBUG 2476 --- [           main] o.h.boot.model.internal.PropertyBinder   : MetadataSourceProcessor property cardNumber with lazy=false
2023-08-05T14:14:21.914-03:00 DEBUG 2476 --- [           main] o.h.b.m.internal.AbstractPropertyHolder  : Attempting to locate auto-apply AttributeConverter for property [com.techforb.challenge.entity.Card:cardNumber]
2023-08-05T14:14:21.914-03:00 DEBUG 2476 --- [           main] o.h.b.model.internal.BasicValueBinder    : building BasicValue for cardNumber
2023-08-05T14:14:21.915-03:00 DEBUG 2476 --- [           main] org.hibernate.mapping.BasicValue         : Skipping column re-registration: card.card_number
2023-08-05T14:14:21.915-03:00 DEBUG 2476 --- [           main] o.h.boot.model.internal.PropertyBinder   : Building property cardNumber
2023-08-05T14:14:21.915-03:00 DEBUG 2476 --- [           main] o.h.boot.model.internal.AnnotatedColumn  : Binding column: AnnotatedColumn(column='card_type')
2023-08-05T14:14:21.916-03:00 DEBUG 2476 --- [           main] o.h.boot.model.internal.PropertyBinder   : MetadataSourceProcessor property cardType with lazy=false
2023-08-05T14:14:21.916-03:00 DEBUG 2476 --- [           main] o.h.b.m.internal.AbstractPropertyHolder  : Attempting to locate auto-apply AttributeConverter for property [com.techforb.challenge.entity.Card:cardType]
2023-08-05T14:14:21.916-03:00 DEBUG 2476 --- [           main] o.h.b.model.internal.BasicValueBinder    : building BasicValue for cardType
2023-08-05T14:14:21.916-03:00 DEBUG 2476 --- [           main] org.hibernate.mapping.BasicValue         : Skipping column re-registration: card.card_type
2023-08-05T14:14:21.916-03:00 DEBUG 2476 --- [           main] o.h.boot.model.internal.PropertyBinder   : Building property cardType
2023-08-05T14:14:21.917-03:00 DEBUG 2476 --- [           main] o.h.boot.model.internal.AnnotatedColumn  : Binding column: AnnotatedColumn()
2023-08-05T14:14:21.917-03:00 DEBUG 2476 --- [           main] o.h.boot.model.internal.PropertyBinder   : MetadataSourceProcessor property cvv with lazy=false
2023-08-05T14:14:21.917-03:00 DEBUG 2476 --- [           main] o.h.b.m.internal.AbstractPropertyHolder  : Attempting to locate auto-apply AttributeConverter for property [com.techforb.challenge.entity.Card:cvv]
[...]
      Did not match:
         - @ConditionalOnProperty (spring.application.admin.enabled=true) did not find property 'enabled' (OnPropertyCondition)

   SpringBootWebSecurityConfiguration.SecurityFilterChainConfiguration:
      Did not match:
         - AllNestedConditions 1 matched 1 did not; NestedCondition on DefaultWebSecurityCondition.Beans @ConditionalOnMissingBean (types: org.springframework.security.web.SecurityFilterChain; SearchStrategy: all) found beans of type 'org.springframework.security.web.SecurityFilterChain' securityFilterChain; NestedCondition on DefaultWebSecurityCondition.Classes @ConditionalOnClass found required classes 'org.springframework.security.web.SecurityFilterChain', 'org.springframework.security.config.annotation.web.builders.HttpSecurity' (DefaultWebSecurityCondition)

   SpringBootWebSecurityConfiguration.WebSecurityEnablerConfiguration:
      Did not match:
         - @ConditionalOnMissingBean (names: springSecurityFilterChain; SearchStrategy: all) found beans named springSecurityFilterChain (OnBeanCondition)
      Matched:
         - @ConditionalOnClass found required class 'org.springframework.security.config.annotation.web.configuration.EnableWebSecurity' (OnClassCondition)

   SpringDocConfiguration#propertiesResolverForSchema:
      Did not match:
         - @ConditionalOnProperty (springdoc.api-docs.resolve-schema-properties) did not find property 'springdoc.api-docs.resolve-schema-properties' (OnPropertyCondition)

   SpringDocConfiguration#propertyCustomizingConverter:
      Did not match:
         - @ConditionalOnBean (types: org.springdoc.core.customizers.PropertyCustomizer; SearchStrategy: all) did not find any beans of type org.springdoc.core.customizers.PropertyCustomizer (OnBeanCondition)

   SpringDocConfiguration#springdocBeanFactoryPostProcessor:
      Did not match:
         - AnyNestedCondition 0 matched 2 did not; NestedCondition on CacheOrGroupedOpenApiCondition.OnCacheDisabled found non-matching nested conditions @ConditionalOnProperty (springdoc.cache.disabled) did not find property 'springdoc.cache.disabled'; NestedCondition on CacheOrGroupedOpenApiCondition.OnMultipleOpenApiSupportCondition AnyNestedCondition 0 matched 2 did not; NestedCondition on MultipleOpenApiSupportCondition.OnActuatorDifferentPort @ConditionalOnProperty (springdoc.show-actuator) did not find property 'springdoc.show-actuator'; NestedCondition on MultipleOpenApiSupportCondition.OnMultipleOpenApiSupportCondition AnyNestedCondition 0 matched 2 did not; NestedCondition on MultipleOpenApiGroupsCondition.OnGroupConfigProperty @ConditionalOnProperty (springdoc.group-configs[0].group) did not find property 'springdoc.group-configs[0].group'; NestedCondition on MultipleOpenApiGroupsCondition.OnGroupedOpenApiBean @ConditionalOnBean (types: org.springdoc.core.models.GroupedOpenApi; SearchStrategy: all) did not find any beans of type org.springdoc.core.models.GroupedOpenApi (CacheOrGroupedOpenApiCondition)
      Matched:
         - @ConditionalOnClass found required class 'org.springframework.boot.context.properties.bind.BindResult' (OnClassCondition)

   SpringDocConfiguration#springdocBeanFactoryPostProcessor2:
      Did not match:
         - @ConditionalOnMissingClass found unwanted class 'org.springframework.boot.context.properties.bind.BindResult' (OnClassCondition)

   SpringDocConfiguration.SpringDocActuatorConfiguration:
      Did not match:
         - @ConditionalOnClass did not find required class 'org.springframework.boot.actuate.autoconfigure.endpoint.web.WebEndpointProperties' (OnClassCondition)

   SpringDocConfiguration.SpringDocRepositoryRestConfiguration:
      Did not match:
         - @ConditionalOnClass did not find required class 'org.springframework.data.rest.core.config.RepositoryRestConfiguration' (OnClassCondition)

   SpringDocConfiguration.SpringDocWebFluxSupportConfiguration:
      Did not match:
         - @ConditionalOnClass did not find required class 'reactor.core.publisher.Flux' (OnClassCondition)

   SpringDocDataRestConfiguration:
      Did not match:
         - @ConditionalOnClass did not find required class 'org.springframework.data.rest.core.config.RepositoryRestConfiguration' (OnClassCondition)

   SpringDocFunctionCatalogConfiguration:
      Did not match:
         - @ConditionalOnClass did not find required class 'org.springframework.cloud.function.web.function.FunctionEndpointInitializer' (OnClassCondition)

   SpringDocGroovyConfiguration:
      Did not match:
         - @ConditionalOnClass did not find required class 'groovy.lang.MetaClass' (OnClassCondition)

   SpringDocHateoasConfiguration:
      Did not match:
         - @ConditionalOnClass did not find required class 'org.springframework.hateoas.server.LinkRelationProvider' (OnClassCondition)

   SpringDocJacksonKotlinModuleConfiguration:
      Did not match:
         - @ConditionalOnClass did not find required class 'com.fasterxml.jackson.module.kotlin.KotlinModule' (OnClassCondition)

   SpringDocJavadocConfiguration:
      Did not match:
         - @ConditionalOnClass did not find required class 'com.github.therapi.runtimejavadoc.CommentFormatter' (OnClassCondition)

   SpringDocKotlinConfiguration:
      Did not match:
         - @ConditionalOnClass did not find required class 'kotlin.coroutines.Continuation' (OnClassCondition)

   SpringDocKotlinxConfiguration:
      Did not match:
         - @ConditionalOnClass did not find required class 'kotlinx.coroutines.flow.Flow' (OnClassCondition)

   SpringDocNativeConfiguration:
      Did not match:
         - @ConditionalOnExpression (#{${springdoc.api-docs.enabled:true} and ${springdoc.enable-native-support:false}}) resulted in false (OnExpressionCondition)
      Matched:
         - @ConditionalOnWebApplication (required) found 'session' scope (OnWebApplicationCondition)

   SpringDocSecurityConfiguration.SpringDocSecurityOAuth2Configuration:
      Did not match:
         - @ConditionalOnClass did not find required class 'org.springframework.security.oauth2.server.authorization.OAuth2AuthorizationService' (OnClassCondition)

   SpringDocSecurityConfiguration.SpringSecurityLoginEndpointConfiguration#springSecurityLoginEndpointCustomiser:
      Did not match:
         - @ConditionalOnProperty (springdoc.show-login-endpoint) did not find property 'springdoc.show-login-endpoint' (OnPropertyCondition)

   SpringDocSortConfiguration#delegatingMethodParameterCustomizer:
      Did not match:
         - @ConditionalOnMissingBean (types: org.springdoc.core.customizers.DelegatingMethodParameterCustomizer; SearchStrategy: all) found beans of type 'org.springdoc.core.customizers.DelegatingMethodParameterCustomizer' delegatingMethodParameterCustomizer (OnBeanCondition)

   SpringDocWebMvcConfiguration.SpringDocWebMvcActuatorConfiguration:
      Did not match:
         - @ConditionalOnClass did not find required class 'org.springframework.boot.actuate.endpoint.web.servlet.WebMvcEndpointHandlerMapping' (OnClassCondition)

   SwaggerConfig#springWebProvider:
      Did not match:
         - @ConditionalOnMissingBean (types: org.springdoc.core.providers.SpringWebProvider; SearchStrategy: all) found beans of type 'org.springdoc.core.providers.SpringWebProvider' springWebProvider (OnBeanCondition)

   SwaggerConfig#swaggerUiConfigParameters:
      Did not match:
         - @ConditionalOnMissingBean (types: org.springdoc.core.properties.SwaggerUiConfigParameters; SearchStrategy: all) found beans of type 'org.springdoc.core.properties.SwaggerUiConfigParameters' org.springdoc.core.properties.SwaggerUiConfigParameters (OnBeanCondition)

   SwaggerConfig#swaggerUiHome:
      Did not match:
         - @ConditionalOnProperty (springdoc.swagger-ui.use-root-path=true) did not find property 'springdoc.swagger-ui.use-root-path' (OnPropertyCondition)

   SwaggerConfig.SwaggerActuatorWelcomeConfiguration:
      Did not match:
         - @ConditionalOnClass did not find required class 'org.springframework.boot.actuate.endpoint.web.servlet.WebMvcEndpointHandlerMapping' (OnClassCondition)

   TaskSchedulingAutoConfiguration#scheduledBeanLazyInitializationExcludeFilter:
      Did not match:
         - @ConditionalOnBean (names: org.springframework.context.annotation.internalScheduledAnnotationProcessor; SearchStrategy: all) did not find any beans named org.springframework.context.annotation.internalScheduledAnnotationProcessor (OnBeanCondition)

   TaskSchedulingAutoConfiguration#taskScheduler:
      Did not match:
         - @ConditionalOnBean (names: org.springframework.context.annotation.internalScheduledAnnotationProcessor; SearchStrategy: all) did not find any beans named org.springframework.context.annotation.internalScheduledAnnotationProcessor (OnBeanCondition)

   ThymeleafAutoConfiguration:
      Did not match:
         - @ConditionalOnClass did not find required class 'org.thymeleaf.spring6.SpringTemplateEngine' (OnClassCondition)

   TransactionAutoConfiguration#transactionalOperator:
      Did not match:
         - @ConditionalOnSingleCandidate (types: org.springframework.transaction.ReactiveTransactionManager; SearchStrategy: all) did not find any beans (OnBeanCondition)

   TransactionAutoConfiguration.EnableTransactionManagementConfiguration.JdkDynamicAutoProxyConfiguration:
      Did not match:
         - @ConditionalOnProperty (spring.aop.proxy-target-class=false) did not find property 'proxy-target-class' (OnPropertyCondition)

   UserDetailsServiceAutoConfiguration:
      Did not match:
         - @ConditionalOnMissingBean (types: org.springframework.security.authentication.AuthenticationManager,org.springframework.security.authentication.AuthenticationProvider,org.springframework.security.core.userdetails.UserDetailsService,org.springframework.security.authentication.AuthenticationManagerResolver,org.springframework.security.oauth2.jwt.JwtDecoder,org.springframework.security.oauth2.server.resource.introspection.OpaqueTokenIntrospector,org.springframework.security.oauth2.client.registration.ClientRegistrationRepository,org.springframework.security.saml2.provider.service.registration.RelyingPartyRegistrationRepository; SearchStrategy: all) found beans of type 'org.springframework.security.authentication.AuthenticationManager' authenticationManager and found beans of type 'org.springframework.security.core.userdetails.UserDetailsService' userDetailsService and found beans of type 'org.springframework.security.authentication.AuthenticationProvider' authenticationProvider (OnBeanCondition)
      Matched:
         - @ConditionalOnClass found required class 'org.springframework.security.authentication.AuthenticationManager' (OnClassCondition)

   ValidationAutoConfiguration:
      Did not match:
         - @ConditionalOnResource did not find resource 'classpath:META-INF/services/jakarta.validation.spi.ValidationProvider' (OnResourceCondition)
      Matched:
         - @ConditionalOnClass found required class 'jakarta.validation.executable.ExecutableValidator' (OnClassCondition)

   WebClientAutoConfiguration:
      Did not match:
         - @ConditionalOnClass did not find required class 'org.springframework.web.reactive.function.client.WebClient' (OnClassCondition)

   WebFluxAutoConfiguration:
      Did not match:
         - @ConditionalOnClass did not find required class 'org.springframework.web.reactive.config.WebFluxConfigurer' (OnClassCondition)

   WebMvcAutoConfiguration#hiddenHttpMethodFilter:
      Did not match:
         - @ConditionalOnProperty (spring.mvc.hiddenmethod.filter.enabled) did not find property 'enabled' (OnPropertyCondition)

   WebMvcAutoConfiguration.ProblemDetailsErrorHandlingConfiguration:
      Did not match:
         - @ConditionalOnProperty (spring.mvc.problemdetails.enabled=true) did not find property 'enabled' (OnPropertyCondition)

   WebMvcAutoConfiguration.WebMvcAutoConfigurationAdapter#beanNameViewResolver:
      Did not match:
         - @ConditionalOnMissingBean (types: org.springframework.web.servlet.view.BeanNameViewResolver; SearchStrategy: all) found beans of type 'org.springframework.web.servlet.view.BeanNameViewResolver' beanNameViewResolver (OnBeanCondition)

   WebServiceTemplateAutoConfiguration:
      Did not match:
         - @ConditionalOnClass did not find required class 'org.springframework.oxm.Marshaller' (OnClassCondition)

   WebServicesAutoConfiguration:
      Did not match:
         - @ConditionalOnClass did not find required class 'org.springframework.ws.transport.http.MessageDispatcherServlet' (OnClassCondition)

   WebSessionIdResolverAutoConfiguration:
      Did not match:
         - @ConditionalOnClass did not find required class 'reactor.core.publisher.Mono' (OnClassCondition)

   WebSocketMessagingAutoConfiguration:
      Did not match:
         - @ConditionalOnClass did not find required class 'org.springframework.web.socket.config.annotation.WebSocketMessageBrokerConfigurer' (OnClassCondition)

   WebSocketReactiveAutoConfiguration:
      Did not match:
         - @ConditionalOnWebApplication did not find reactive web application classes (OnWebApplicationCondition)

   WebSocketServletAutoConfiguration.JettyWebSocketConfiguration:
      Did not match:
         - @ConditionalOnClass did not find required class 'org.eclipse.jetty.websocket.jakarta.server.config.JakartaWebSocketServletContainerInitializer' (OnClassCondition)

   WebSocketServletAutoConfiguration.UndertowWebSocketConfiguration:
      Did not match:
         - @ConditionalOnClass did not find required class 'io.undertow.websockets.jsr.Bootstrap' (OnClassCondition)

   XADataSourceAutoConfiguration:
      Did not match:
         - @ConditionalOnBean (types: org.springframework.boot.jdbc.XADataSourceWrapper; SearchStrategy: all) did not find any beans of type org.springframework.boot.jdbc.XADataSourceWrapper (OnBeanCondition)
      Matched:
         - @ConditionalOnClass found required classes 'javax.sql.DataSource', 'jakarta.transaction.TransactionManager', 'org.springframework.jdbc.datasource.embedded.EmbeddedDatabaseType' (OnClassCondition)


Exclusions:
-----------

    None


Unconditional classes:
----------------------

    org.springframework.boot.autoconfigure.context.ConfigurationPropertiesAutoConfiguration

    org.springframework.boot.autoconfigure.ssl.SslAutoConfiguration

    org.springframework.boot.autoconfigure.context.PropertyPlaceholderAutoConfiguration

    org.springframework.boot.autoconfigure.context.LifecycleAutoConfiguration

    org.springframework.boot.autoconfigure.availability.ApplicationAvailabilityAutoConfiguration

    org.springframework.boot.autoconfigure.info.ProjectInfoAutoConfiguration



2023-08-05T14:14:35.935-03:00  INFO 2476 --- [           main] c.t.challenge.ChallengeApplicationTests  : Started ChallengeApplicationTests in 21.378 seconds (process running for 23.676)
2023-08-05T14:14:35.945-03:00 DEBUG 2476 --- [           main] o.s.b.a.ApplicationAvailabilityBean      : Application availability state LivenessState changed to CORRECT
2023-08-05T14:14:35.971-03:00 DEBUG 2476 --- [           main] o.s.b.a.ApplicationAvailabilityBean      : Application availability state ReadinessState changed to ACCEPTING_TRAFFIC
2023-08-05T14:14:36.008-03:00 DEBUG 2476 --- [           main] org.springframework.test.context.cache   : Spring test ApplicationContext cache statistics: [DefaultContextCache@468dbd07 size = 1, maxSize = 32, parentContextCount = 0, hitCount = 0, missCount = 1]
2023-08-05T14:14:36.013-03:00 DEBUG 2476 --- [           main] o.s.t.c.w.ServletTestExecutionListener   : Setting up MockHttpServletRequest, MockHttpServletResponse, ServletWebRequest, and RequestContextHolder for test class com.techforb.challenge.ChallengeApplicationTests
2023-08-05T14:14:36.124-03:00 DEBUG 2476 --- [           main] DependencyInjectionTestExecutionListener : Performing dependency injection for test class com.techforb.challenge.ChallengeApplicationTests
2023-08-05T14:14:36.124-03:00 DEBUG 2476 --- [           main] org.springframework.test.context.cache   : Spring test ApplicationContext cache statistics: [DefaultContextCache@468dbd07 size = 1, maxSize = 32, parentContextCount = 0, hitCount = 1, missCount = 1]
2023-08-05T14:14:36.130-03:00 DEBUG 2476 --- [           main] org.springframework.test.context.cache   : Spring test ApplicationContext cache statistics: [DefaultContextCache@468dbd07 size = 1, maxSize = 32, parentContextCount = 0, hitCount = 2, missCount = 1]
2023-08-05T14:14:36.159-03:00 DEBUG 2476 --- [           main] sContextBeforeModesTestExecutionListener : Before test method: class [ChallengeApplicationTests], method [contextLoads], class annotated with @DirtiesContext [false] with mode [null], method annotated with @DirtiesContext [false] with mode [null]
2023-08-05T14:14:36.211-03:00 DEBUG 2476 --- [           main] org.springframework.test.context.cache   : Spring test ApplicationContext cache statistics: [DefaultContextCache@468dbd07 size = 1, maxSize = 32, parentContextCount = 0, hitCount = 3, missCount = 1]
2023-08-05T14:14:36.213-03:00 DEBUG 2476 --- [           main] org.springframework.test.context.cache   : Spring test ApplicationContext cache statistics: [DefaultContextCache@468dbd07 size = 1, maxSize = 32, parentContextCount = 0, hitCount = 4, missCount = 1]
2023-08-05T14:14:38.616-03:00 DEBUG 2476 --- [           main] org.springframework.test.context.cache   : Spring test ApplicationContext cache statistics: [DefaultContextCache@468dbd07 size = 1, maxSize = 32, parentContextCount = 0, hitCount = 5, missCount = 1]
2023-08-05T14:14:38.628-03:00 DEBUG 2476 --- [           main] org.springframework.test.context.cache   : Spring test ApplicationContext cache statistics: [DefaultContextCache@468dbd07 size = 1, maxSize = 32, parentContextCount = 0, hitCount = 6, missCount = 1]
2023-08-05T14:14:38.631-03:00 DEBUG 2476 --- [           main] org.springframework.test.context.cache   : Spring test ApplicationContext cache statistics: [DefaultContextCache@468dbd07 size = 1, maxSize = 32, parentContextCount = 0, hitCount = 7, missCount = 1]
2023-08-05T14:14:38.631-03:00 DEBUG 2476 --- [           main] org.springframework.test.context.cache   : Spring test ApplicationContext cache statistics: [DefaultContextCache@468dbd07 size = 1, maxSize = 32, parentContextCount = 0, hitCount = 8, missCount = 1]
2023-08-05T14:14:38.633-03:00 DEBUG 2476 --- [           main] org.springframework.test.context.cache   : Spring test ApplicationContext cache statistics: [DefaultContextCache@468dbd07 size = 1, maxSize = 32, parentContextCount = 0, hitCount = 9, missCount = 1]
2023-08-05T14:14:38.635-03:00 DEBUG 2476 --- [           main] org.springframework.test.context.cache   : Spring test ApplicationContext cache statistics: [DefaultContextCache@468dbd07 size = 1, maxSize = 32, parentContextCount = 0, hitCount = 10, missCount = 1]
2023-08-05T14:14:38.638-03:00 DEBUG 2476 --- [           main] org.springframework.test.context.cache   : Spring test ApplicationContext cache statistics: [DefaultContextCache@468dbd07 size = 1, maxSize = 32, parentContextCount = 0, hitCount = 11, missCount = 1]
2023-08-05T14:14:38.640-03:00 DEBUG 2476 --- [           main] org.springframework.test.context.cache   : Spring test ApplicationContext cache statistics: [DefaultContextCache@468dbd07 size = 1, maxSize = 32, parentContextCount = 0, hitCount = 12, missCount = 1]
2023-08-05T14:14:38.641-03:00 DEBUG 2476 --- [           main] .c.s.DirtiesContextTestExecutionListener : After test method: class [ChallengeApplicationTests], method [contextLoads], class annotated with @DirtiesContext [false] with mode [null], method annotated with @DirtiesContext [false] with mode [null]
2023-08-05T14:14:38.642-03:00 DEBUG 2476 --- [           main] o.s.t.c.w.ServletTestExecutionListener   : Resetting RequestContextHolder for test class com.techforb.challenge.ChallengeApplicationTests
]]></system-out>
  </testcase>
</testsuite>